This is XeTeX, Version 3.14159265-2.6-0.99998 (TeX Live 2017/Debian) (preloaded format=xelatex 2020.8.12)  15 JUN 2021 10:01
entering extended mode
 restricted \write18 enabled.
 %&-line parsing enabled.
**report.tex
(./report.tex
! Interruption.
<to be read again> 
                   \begingroup 
l.1 
    \documentclass{dragonfly-report}
? X
 
Here is how much of TeX's memory you used:
 5 strings out of 493007
 34 string characters out of 6136719
 61827 words of memory out of 5000000
 4075 multiletter control sequences out of 15000+600000
 3640 words of font info for 14 fonts, out of 8000000 for 9000
 1348 hyphenation exceptions out of 8191
 3i,0n,1p,47b,6s stack positions out of 5000i,500n,10000p,200000b,80000s
No pages of output.
