This is XeTeX, Version 3.14159265-2.6-0.99998 (TeX Live 2017/Debian) (preloaded format=xelatex 2020.8.12)  15 JUN 2021 06:03
entering extended mode
 restricted \write18 enabled.
 %&-line parsing enabled.
**report.tex
(./report.tex
LaTeX2e <2017-04-15>
Babel <3.18> and hyphenation patterns for 84 language(s) loaded.
(/usr/share/texlive/texmf-dist/tex/latex/dragonfly/dragonfly-report.cls
Document Class: dragonfly-report 2014/03/20 v0.1 Report format for Dragonfly Sc
ience
(/usr/share/texlive/texmf-dist/tex/latex/base/article.cls
Document Class: article 2014/09/29 v1.4h Standard LaTeX document class
(/usr/share/texlive/texmf-dist/tex/latex/base/size11.clo
File: size11.clo 2014/09/29 v1.4h Standard LaTeX file (size option)
)
\c@part=\count79
\c@section=\count80
\c@subsection=\count81
\c@subsubsection=\count82
\c@paragraph=\count83
\c@subparagraph=\count84
\c@figure=\count85
\c@table=\count86
\abovecaptionskip=\skip41
\belowcaptionskip=\skip42
\bibindent=\dimen102
)
(/usr/share/texlive/texmf-dist/tex/latex/dragonfly/dragonfly.sty
Package: dragonfly 2014/03/23 v0.1 Common formatting requirements for Dragonfly
 Science

(/usr/share/texlive/texmf-dist/tex/latex/fontspec/fontspec.sty
(/usr/share/texlive/texmf-dist/tex/latex/l3packages/xparse/xparse.sty
(/usr/share/texlive/texmf-dist/tex/latex/l3kernel/expl3.sty
Package: expl3 2018/02/21 L3 programming layer (loader) 

(/usr/share/texlive/texmf-dist/tex/latex/l3kernel/expl3-code.tex
Package: expl3 2018/02/21 L3 programming layer (code)
\c_max_int=\count87
\l_tmpa_int=\count88
\l_tmpb_int=\count89
\g_tmpa_int=\count90
\g_tmpb_int=\count91
\g__intarray_font_int=\count92
\g__prg_map_int=\count93
\c_log_iow=\count94
\l_iow_line_count_int=\count95
\l__iow_line_target_int=\count96
\l__iow_one_indent_int=\count97
\l__iow_indent_int=\count98
\c_zero_dim=\dimen103
\c_max_dim=\dimen104
\l_tmpa_dim=\dimen105
\l_tmpb_dim=\dimen106
\g_tmpa_dim=\dimen107
\g_tmpb_dim=\dimen108
\c_zero_skip=\skip43
\c_max_skip=\skip44
\l_tmpa_skip=\skip45
\l_tmpb_skip=\skip46
\g_tmpa_skip=\skip47
\g_tmpb_skip=\skip48
\c_zero_muskip=\muskip10
\c_max_muskip=\muskip11
\l_tmpa_muskip=\muskip12
\l_tmpb_muskip=\muskip13
\g_tmpa_muskip=\muskip14
\g_tmpb_muskip=\muskip15
\l_keys_choice_int=\count99
\c__fp_leading_shift_int=\count100
\c__fp_middle_shift_int=\count101
\c__fp_trailing_shift_int=\count102
\c__fp_big_leading_shift_int=\count103
\c__fp_big_middle_shift_int=\count104
\c__fp_big_trailing_shift_int=\count105
\c__fp_Bigg_leading_shift_int=\count106
\c__fp_Bigg_middle_shift_int=\count107
\c__fp_Bigg_trailing_shift_int=\count108
\l__sort_length_int=\count109
\l__sort_min_int=\count110
\l__sort_top_int=\count111
\l__sort_max_int=\count112
\l__sort_true_max_int=\count113
\l__sort_block_int=\count114
\l__sort_begin_int=\count115
\l__sort_end_int=\count116
\l__sort_A_int=\count117
\l__sort_B_int=\count118
\l__sort_C_int=\count119
\l__tl_build_start_index_int=\count120
\l__tl_build_index_int=\count121
\l__tl_analysis_normal_int=\count122
\l__tl_analysis_index_int=\count123
\l__tl_analysis_nesting_int=\count124
\l__tl_analysis_type_int=\count125
\l__regex_internal_a_int=\count126
\l__regex_internal_b_int=\count127
\l__regex_internal_c_int=\count128
\l__regex_balance_int=\count129
\l__regex_group_level_int=\count130
\l__regex_mode_int=\count131
\c__regex_cs_in_class_mode_int=\count132
\c__regex_cs_mode_int=\count133
\l__regex_catcodes_int=\count134
\l__regex_default_catcodes_int=\count135
\c__regex_catcode_L_int=\count136
\c__regex_catcode_O_int=\count137
\c__regex_catcode_A_int=\count138
\c__regex_all_catcodes_int=\count139
\l__regex_show_lines_int=\count140
\l__regex_min_state_int=\count141
\l__regex_max_state_int=\count142
\l__regex_left_state_int=\count143
\l__regex_right_state_int=\count144
\l__regex_capturing_group_int=\count145
\l__regex_min_pos_int=\count146
\l__regex_max_pos_int=\count147
\l__regex_curr_pos_int=\count148
\l__regex_start_pos_int=\count149
\l__regex_success_pos_int=\count150
\l__regex_curr_char_int=\count151
\l__regex_curr_catcode_int=\count152
\l__regex_last_char_int=\count153
\l__regex_case_changed_char_int=\count154
\l__regex_curr_state_int=\count155
\l__regex_step_int=\count156
\l__regex_min_active_int=\count157
\l__regex_max_active_int=\count158
\l__regex_replacement_csnames_int=\count159
\l__regex_match_count_int=\count160
\l__regex_min_submatch_int=\count161
\l__regex_submatch_int=\count162
\l__regex_zeroth_submatch_int=\count163
\g__regex_trace_regex_int=\count164
\c_empty_box=\box26
\l_tmpa_box=\box27
\l_tmpb_box=\box28
\g_tmpa_box=\box29
\g_tmpb_box=\box30
\l__box_top_dim=\dimen109
\l__box_bottom_dim=\dimen110
\l__box_left_dim=\dimen111
\l__box_right_dim=\dimen112
\l__box_top_new_dim=\dimen113
\l__box_bottom_new_dim=\dimen114
\l__box_left_new_dim=\dimen115
\l__box_right_new_dim=\dimen116
\l__box_internal_box=\box31
\l__coffin_internal_box=\box32
\l__coffin_internal_dim=\dimen117
\l__coffin_offset_x_dim=\dimen118
\l__coffin_offset_y_dim=\dimen119
\l__coffin_x_dim=\dimen120
\l__coffin_y_dim=\dimen121
\l__coffin_x_prime_dim=\dimen122
\l__coffin_y_prime_dim=\dimen123
\c_empty_coffin=\box33
\l__coffin_aligned_coffin=\box34
\l__coffin_aligned_internal_coffin=\box35
\l_tmpa_coffin=\box36
\l_tmpb_coffin=\box37
\l__coffin_display_coffin=\box38
\l__coffin_display_coord_coffin=\box39
\l__coffin_display_pole_coffin=\box40
\l__coffin_display_offset_dim=\dimen124
\l__coffin_display_x_dim=\dimen125
\l__coffin_display_y_dim=\dimen126
\l__coffin_bounding_shift_dim=\dimen127
\l__coffin_left_corner_dim=\dimen128
\l__coffin_right_corner_dim=\dimen129
\l__coffin_bottom_corner_dim=\dimen130
\l__coffin_top_corner_dim=\dimen131
\l__coffin_scaled_total_height_dim=\dimen132
\l__coffin_scaled_width_dim=\dimen133
)
(/usr/share/texlive/texmf-dist/tex/latex/l3kernel/l3xdvipdfmx.def
File: l3xdvidpfmx.def 2017/03/18 v L3 Experimental driver: xdvipdfmx
\g__driver_image_int=\count165
\l__driver_tmp_box=\box41
))
Package: xparse 2018/02/21 L3 Experimental document command parser
\l__xparse_current_arg_int=\count166
\g__xparse_grabber_int=\count167
\l__xparse_m_args_int=\count168
\l__xparse_mandatory_args_int=\count169
\l__xparse_v_nesting_int=\count170
)
Package: fontspec 2017/11/09 v2.6g Font selection for XeLaTeX and LuaLaTeX

(/usr/share/texlive/texmf-dist/tex/latex/fontspec/fontspec-xetex.sty
Package: fontspec-xetex 2017/11/09 v2.6g Font selection for XeLaTeX and LuaLaTe
X
\l__fontspec_script_int=\count171
\l__fontspec_language_int=\count172
\l__fontspec_strnum_int=\count173
\l__fontspec_tmp_int=\count174
\l__fontspec_em_int=\count175
\l__fontspec_emdef_int=\count176
\l__fontspec_strong_int=\count177
\l__fontspec_strongdef_int=\count178
\l__fontspec_tmpa_dim=\dimen134
\l__fontspec_tmpb_dim=\dimen135
\l__fontspec_tmpc_dim=\dimen136
\g__file_internal_ior=\read1

(/usr/share/texlive/texmf-dist/tex/latex/base/fontenc.sty
Package: fontenc 2017/04/05 v2.0i Standard LaTeX package

(/usr/share/texlive/texmf-dist/tex/latex/base/tuenc.def
File: tuenc.def 2017/04/05 v2.0i Standard LaTeX file
LaTeX Font Info:    Redeclaring font encoding TU on input line 82.
))
.................................................
. LaTeX info: "xparse/define-command"
. 
. Defining command \fontspec with sig. 'O{}mO{}' on line 542.
.................................................
.................................................
. LaTeX info: "xparse/define-command"
. 
. Defining command \setmainfont with sig. 'O{}mO{}' on line 546.
.................................................
.................................................
. LaTeX info: "xparse/define-command"
. 
. Defining command \setsansfont with sig. 'O{}mO{}' on line 550.
.................................................
.................................................
. LaTeX info: "xparse/define-command"
. 
. Defining command \setmonofont with sig. 'O{}mO{}' on line 554.
.................................................
.................................................
. LaTeX info: "xparse/define-command"
. 
. Defining command \setmathrm with sig. 'O{}mO{}' on line 558.
.................................................
.................................................
. LaTeX info: "xparse/define-command"
. 
. Defining command \setboldmathrm with sig. 'O{}mO{}' on line 562.
.................................................
.................................................
. LaTeX info: "xparse/define-command"
. 
. Defining command \setmathsf with sig. 'O{}mO{}' on line 566.
.................................................
.................................................
. LaTeX info: "xparse/define-command"
. 
. Defining command \setmathtt with sig. 'O{}mO{}' on line 570.
.................................................
.................................................
. LaTeX info: "xparse/define-command"
. 
. Defining command \setromanfont with sig. 'O{}mO{}' on line 574.
.................................................
.................................................
. LaTeX info: "xparse/define-command"
. 
. Defining command \newfontfamily with sig. 'mO{}mO{}' on line 578.
.................................................
.................................................
. LaTeX info: "xparse/define-command"
. 
. Defining command \newfontface with sig. 'mO{}mO{}' on line 582.
.................................................
.................................................
. LaTeX info: "xparse/define-command"
. 
. Defining command \defaultfontfeatures with sig. 't+om' on line 586.
.................................................
.................................................
. LaTeX info: "xparse/define-command"
. 
. Defining command \addfontfeatures with sig. 'm' on line 590.
.................................................
.................................................
. LaTeX info: "xparse/define-command"
. 
. Defining command \addfontfeature with sig. 'm' on line 594.
.................................................
.................................................
. LaTeX info: "xparse/define-command"
. 
. Defining command \newfontfeature with sig. 'mm' on line 598.
.................................................
.................................................
. LaTeX info: "xparse/define-command"
. 
. Defining command \newAATfeature with sig. 'mmmm' on line 602.
.................................................
.................................................
. LaTeX info: "xparse/define-command"
. 
. Defining command \newopentypefeature with sig. 'mmm' on line 606.
.................................................
.................................................
. LaTeX info: "xparse/define-command"
. 
. Defining command \newICUfeature with sig. 'mmm' on line 610.
.................................................
.................................................
. LaTeX info: "xparse/define-command"
. 
. Defining command \aliasfontfeature with sig. 'mm' on line 614.
.................................................
.................................................
. LaTeX info: "xparse/define-command"
. 
. Defining command \aliasfontfeatureoption with sig. 'mmm' on line 618.
.................................................
.................................................
. LaTeX info: "xparse/define-command"
. 
. Defining command \newfontscript with sig. 'mm' on line 622.
.................................................
.................................................
. LaTeX info: "xparse/define-command"
. 
. Defining command \newfontlanguage with sig. 'mm' on line 626.
.................................................
.................................................
. LaTeX info: "xparse/define-command"
. 
. Defining command \DeclareFontsExtensions with sig. 'm' on line 630.
.................................................
.................................................
. LaTeX info: "xparse/define-command"
. 
. Defining command \IfFontFeatureActiveTF with sig. 'mmm' on line 634.
.................................................
.................................................
. LaTeX info: "xparse/define-command"
. 
. Defining command \EncodingCommand with sig. 'mO{}m' on line 3632.
.................................................
.................................................
. LaTeX info: "xparse/define-command"
. 
. Defining command \EncodingAccent with sig. 'mm' on line 3638.
.................................................
.................................................
. LaTeX info: "xparse/define-command"
. 
. Defining command \EncodingSymbol with sig. 'mm' on line 3644.
.................................................
.................................................
. LaTeX info: "xparse/define-command"
. 
. Defining command \EncodingComposite with sig. 'mmm' on line 3650.
.................................................
.................................................
. LaTeX info: "xparse/define-command"
. 
. Defining command \EncodingCompositeCommand with sig. 'mmm' on line 3656.
.................................................
.................................................
. LaTeX info: "xparse/define-command"
. 
. Defining command \DeclareUnicodeEncoding with sig. 'mm' on line 3681.
.................................................
.................................................
. LaTeX info: "xparse/define-command"
. 
. Defining command \UndeclareSymbol with sig. 'm' on line 3687.
.................................................
.................................................
. LaTeX info: "xparse/define-command"
. 
. Defining command \UndeclareAccent with sig. 'm' on line 3693.
.................................................
.................................................
. LaTeX info: "xparse/define-command"
. 
. Defining command \UndeclareCommand with sig. 'm' on line 3699.
.................................................
.................................................
. LaTeX info: "xparse/define-command"
. 
. Defining command \UndeclareComposite with sig. 'mm' on line 3706.
.................................................

(/usr/share/texlive/texmf-dist/tex/latex/fontspec/fontspec.cfg)
LaTeX Info: Redefining \itshape on input line 3891.
LaTeX Info: Redefining \slshape on input line 3896.
LaTeX Info: Redefining \scshape on input line 3901.
LaTeX Info: Redefining \upshape on input line 3906.
LaTeX Info: Redefining \em on input line 3936.
LaTeX Info: Redefining \emph on input line 3961.
LaTeX Info: Redefining \- on input line 4015.
.................................................
. LaTeX info: "xparse/redefine-command"
. 
. Redefining command \oldstylenums with sig. 'm' on line 4110.
.................................................
.................................................
. LaTeX info: "xparse/define-command"
. 
. Defining command \liningnums with sig. 'm' on line 4114.
.................................................
))
\g__fontspec_family_PalatinoLinotype_int=\count179
.................................................
. fontspec info: "defining-font"
. 
. Font family 'PalatinoLinotype(0)' created for font 'Palatino Linotype' with
. options [Ligatures=TeX,Mapping=tex-text,ItalicFont = {Palatino Linotype
. Italic},BoldFont = {Palatino Linotype Bold},BoldItalicFont = {Palatino
. Linotype Bold Italic}].
.  
.  This font family consists of the following NFSS series/shapes:
.  
. - 'normal' (m/n) with NFSS spec.: <->"Palatino
. Linotype/OT:script=latn;language=DFLT;mapping=tex-text;"
. - 'small caps'  (m/sc) with NFSS spec.: <->"Palatino
. Linotype/OT:script=latn;language=DFLT;+smcp;mapping=tex-text;"
. - 'bold' (bx/n) with NFSS spec.: <->"Palatino Linotype
. Bold/OT:script=latn;language=DFLT;mapping=tex-text;"
. - 'bold small caps'  (bx/sc) with NFSS spec.: <->"Palatino Linotype
. Bold/OT:script=latn;language=DFLT;+smcp;mapping=tex-text;"
. - 'italic' (m/it) with NFSS spec.: <->"Palatino Linotype
. Italic/OT:script=latn;language=DFLT;mapping=tex-text;"
. - 'italic small caps'  (m/itsc) with NFSS spec.: <->"Palatino Linotype
. Italic/OT:script=latn;language=DFLT;+smcp;mapping=tex-text;"
. - 'bold italic' (bx/it) with NFSS spec.: <->"Palatino Linotype Bold
. Italic/OT:script=latn;language=DFLT;mapping=tex-text;"
. - 'bold italic small caps'  (bx/itsc) with NFSS spec.: <->"Palatino Linotype
. Bold Italic/OT:script=latn;language=DFLT;+smcp;mapping=tex-text;"
.................................................
LaTeX Info: Redefining \rmfamily on input line 43.
\g__fontspec_family_OmnesRegular-Roman_int=\count180
.................................................
. fontspec info: "defining-font"
. 
. Font family 'OmnesRegular-Roman(0)' created for font 'OmnesRegular-Roman'
. with options [Mapping=tex-text,Numbers=Monospaced,ItalicFont =
. {OmnesRegular-Italic},BoldFont = {OmnesSemibold-Roman},BoldItalicFont =
. {OmnesSemibold-Italic}].
.  
.  This font family consists of the following NFSS series/shapes:
.  
. - 'normal' (m/n) with NFSS spec.:
. <->"OmnesRegular-Roman/OT:script=latn;language=DFLT;+tnum;mapping=tex-text;"
. - 'small caps'  (m/sc) with NFSS spec.: 
. - 'bold' (bx/n) with NFSS spec.:
. <->"OmnesSemibold-Roman/OT:script=latn;language=DFLT;+tnum;mapping=tex-text;"

. - 'bold small caps'  (bx/sc) with NFSS spec.: 
. - 'italic' (m/it) with NFSS spec.:
. <->"OmnesRegular-Italic/OT:script=latn;language=DFLT;+tnum;mapping=tex-text;"

. - 'italic small caps'  (m/itsc) with NFSS spec.: 
. - 'bold italic' (bx/it) with NFSS spec.:
. <->"OmnesSemibold-Italic/OT:script=latn;language=DFLT;+tnum;mapping=tex-text;
"
. - 'bold italic small caps'  (bx/itsc) with NFSS spec.: 
.................................................
.................................................
. fontspec info: "defining-font"
. 
. Font family 'OmnesRegular-Roman(1)' created for font 'OmnesRegular-Roman'
. with options [Ligatures=TeX,Mapping=tex-text,Numbers=Monospaced,ItalicFont =
. {OmnesRegular-Italic},BoldFont = {OmnesSemibold-Roman},BoldItalicFont =
. {OmnesSemibold-Italic}].
.  
.  This font family consists of the following NFSS series/shapes:
.  
. - 'normal' (m/n) with NFSS spec.:
. <->"OmnesRegular-Roman/OT:script=latn;language=DFLT;+tnum;mapping=tex-text;"
. - 'small caps'  (m/sc) with NFSS spec.: 
. - 'bold' (bx/n) with NFSS spec.:
. <->"OmnesSemibold-Roman/OT:script=latn;language=DFLT;+tnum;mapping=tex-text;"

. - 'bold small caps'  (bx/sc) with NFSS spec.: 
. - 'italic' (m/it) with NFSS spec.:
. <->"OmnesRegular-Italic/OT:script=latn;language=DFLT;+tnum;mapping=tex-text;"

. - 'italic small caps'  (m/itsc) with NFSS spec.: 
. - 'bold italic' (bx/it) with NFSS spec.:
. <->"OmnesSemibold-Italic/OT:script=latn;language=DFLT;+tnum;mapping=tex-text;
"
. - 'bold italic small caps'  (bx/itsc) with NFSS spec.: 
.................................................
LaTeX Info: Redefining \sffamily on input line 55.

(/usr/share/texlive/texmf-dist/tex/latex/xcolor/xcolor.sty
Package: xcolor 2016/05/11 v2.12 LaTeX color extensions (UK)

(/usr/share/texlive/texmf-dist/tex/latex/graphics-cfg/color.cfg
File: color.cfg 2016/01/02 v1.6 sample color configuration
)
Package xcolor Info: Driver file: xetex.def on input line 225.

(/usr/share/texlive/texmf-dist/tex/latex/graphics-def/xetex.def
File: xetex.def 2017/06/24 v5.0h Graphics/color driver for xetex
)
(/usr/share/texlive/texmf-dist/tex/latex/colortbl/colortbl.sty
Package: colortbl 2012/02/13 v1.0a Color table columns (DPC)

(/usr/share/texlive/texmf-dist/tex/latex/tools/array.sty
Package: array 2016/10/06 v2.4d Tabular extension package (FMi)
\col@sep=\dimen137
\extrarowheight=\dimen138
\NC@list=\toks14
\extratabsurround=\skip49
\backup@length=\skip50
)
\everycr=\toks15
\minrowclearance=\skip51
)
\rownum=\count181
Package xcolor Info: Model `cmy' substituted by `cmy0' on input line 1348.
Package xcolor Info: Model `RGB' extended on input line 1364.
Package xcolor Info: Model `HTML' substituted by `rgb' on input line 1366.
Package xcolor Info: Model `Hsb' substituted by `hsb' on input line 1367.
Package xcolor Info: Model `tHsb' substituted by `hsb' on input line 1368.
Package xcolor Info: Model `HSB' substituted by `hsb' on input line 1369.
Package xcolor Info: Model `Gray' substituted by `gray' on input line 1370.
Package xcolor Info: Model `wave' substituted by `hsb' on input line 1371.
)
(/usr/share/texlive/texmf-dist/tex/latex/titlesec/titlesec.sty
Package: titlesec 2016/03/21 v2.10.2 Sectioning titles
\ttl@box=\box42
\beforetitleunit=\skip52
\aftertitleunit=\skip53
\ttl@plus=\dimen139
\ttl@minus=\dimen140
\ttl@toksa=\toks16
\titlewidth=\dimen141
\titlewidthlast=\dimen142
\titlewidthfirst=\dimen143
)
(/usr/share/texlive/texmf-dist/tex/latex/fancyhdr/fancyhdr.sty
Package: fancyhdr 2017/06/30 v3.9a Extensive control of page headers and footer
s
\f@nch@headwidth=\skip54
\f@nch@O@elh=\skip55
\f@nch@O@erh=\skip56
\f@nch@O@olh=\skip57
\f@nch@O@orh=\skip58
\f@nch@O@elf=\skip59
\f@nch@O@erf=\skip60
\f@nch@O@olf=\skip61
\f@nch@O@orf=\skip62
)
(/usr/share/texlive/texmf-dist/tex/latex/csquotes/csquotes.sty
Package: csquotes 2018/02/11 v5.2c context-sensitive quotations (JAW)

(/usr/share/texlive/texmf-dist/tex/latex/etoolbox/etoolbox.sty
Package: etoolbox 2018/02/11 v2.5e e-TeX tools for LaTeX (JAW)
\etb@tempcnta=\count182
)
(/usr/share/texlive/texmf-dist/tex/latex/graphics/keyval.sty
Package: keyval 2014/10/28 v1.15 key=value parser (DPC)
\KV@toks@=\toks17
)
\csq@reset=\count183
\csq@gtype=\count184
\csq@glevel=\count185
\csq@qlevel=\count186
\csq@maxlvl=\count187
\csq@tshold=\count188
\csq@ltx@everypar=\toks18

(/usr/share/texlive/texmf-dist/tex/latex/csquotes/csquotes.def
File: csquotes.def 2018/02/11 v5.2c csquotes generic definitions (JAW)
)
Package csquotes Info: Trying to load configuration file 'csquotes.cfg'...
Package csquotes Info: ... configuration file loaded successfully.

(/usr/share/texlive/texmf-dist/tex/latex/csquotes/csquotes.cfg
File: csquotes.cfg 
))
(/usr/share/texlive/texmf-dist/tex/latex/polyglossia/polyglossia.sty
Package: polyglossia 2015/03/25 v1.42.4 Alternative to Babel for XeLaTeX and Lu
aLaTeX

(/usr/share/texlive/texmf-dist/tex/latex/makecmds/makecmds.sty
Package: makecmds 2009/09/03 v1.0a extra command making commands
)
(/usr/share/texlive/texmf-dist/tex/latex/xkeyval/xkeyval.sty
Package: xkeyval 2014/12/03 v2.7a package option processing (HA)

(/usr/share/texlive/texmf-dist/tex/generic/xkeyval/xkeyval.tex
(/usr/share/texlive/texmf-dist/tex/generic/xkeyval/xkvutils.tex
\XKV@toks=\toks19
\XKV@tempa@toks=\toks20
)
\XKV@depth=\count189
File: xkeyval.tex 2014/12/03 v2.7a key=value parser (HA)
))
(/usr/share/texlive/texmf-dist/tex/generic/oberdiek/ifluatex.sty
Package: ifluatex 2016/05/16 v1.4 Provides the ifluatex switch (HO)
Package ifluatex Info: LuaTeX not detected.
)
(/usr/share/texlive/texmf-dist/tex/generic/ifxetex/ifxetex.sty
Package: ifxetex 2010/09/12 v0.6 Provides ifxetex conditional
)
\xpg@normalclass=\XeTeXcharclass1
)
(/usr/share/texlive/texmf-dist/tex/latex/xpatch/xpatch.sty
Package: xpatch 2012/10/02 v0.3 Extending etoolbox patching commands
.................................................
. LaTeX info: "xparse/define-command"
. 
. Defining command \xpatchcmd with sig. '' on line 125.
.................................................
.................................................
. LaTeX info: "xparse/define-command"
. 
. Defining command \xpretocmd with sig. '' on line 126.
.................................................
.................................................
. LaTeX info: "xparse/define-command"
. 
. Defining command \xapptocmd with sig. '' on line 127.
.................................................
.................................................
. LaTeX info: "xparse/define-command"
. 
. Defining command \xshowcmd with sig. '' on line 128.
.................................................
.................................................
. LaTeX info: "xparse/define-command"
. 
. Defining command \xpatchbibmacro with sig. 'm' on line 131.
.................................................
.................................................
. LaTeX info: "xparse/define-command"
. 
. Defining command \xpretobibmacro with sig. 'm' on line 133.
.................................................
.................................................
. LaTeX info: "xparse/define-command"
. 
. Defining command \xapptobibmacro with sig. 'm' on line 135.
.................................................
.................................................
. LaTeX info: "xparse/define-command"
. 
. Defining command \xshowbibmacro with sig. 'm' on line 137.
.................................................
.................................................
. LaTeX info: "xparse/define-command"
. 
. Defining command \xpatchfieldformat with sig. 'O{*}m' on line 139.
.................................................
.................................................
. LaTeX info: "xparse/define-command"
. 
. Defining command \xpretofieldformat with sig. 'O{*}m' on line 141.
.................................................
.................................................
. LaTeX info: "xparse/define-command"
. 
. Defining command \xapptofieldformat with sig. 'O{*}m' on line 143.
.................................................
.................................................
. LaTeX info: "xparse/define-command"
. 
. Defining command \xshowfieldformat with sig. 'O{*}m' on line 145.
.................................................
.................................................
. LaTeX info: "xparse/define-command"
. 
. Defining command \xpatchnameformat with sig. 'O{*}m' on line 147.
.................................................
.................................................
. LaTeX info: "xparse/define-command"
. 
. Defining command \xpretonameformat with sig. 'O{*}m' on line 149.
.................................................
.................................................
. LaTeX info: "xparse/define-command"
. 
. Defining command \xapptonameformat with sig. 'O{*}m' on line 151.
.................................................
.................................................
. LaTeX info: "xparse/define-command"
. 
. Defining command \xshownameformat with sig. 'O{*}m' on line 153.
.................................................
.................................................
. LaTeX info: "xparse/define-command"
. 
. Defining command \xpatchlistformat with sig. 'O{*}m' on line 155.
.................................................
.................................................
. LaTeX info: "xparse/define-command"
. 
. Defining command \xpretolistformat with sig. 'O{*}m' on line 157.
.................................................
.................................................
. LaTeX info: "xparse/define-command"
. 
. Defining command \xapptolistformat with sig. 'O{*}m' on line 159.
.................................................
.................................................
. LaTeX info: "xparse/define-command"
. 
. Defining command \xshowlistformat with sig. 'O{*}m' on line 161.
.................................................
.................................................
. LaTeX info: "xparse/define-command"
. 
. Defining command \xpatchindexfieldformat with sig. 'O{*}m' on line 163.
.................................................
.................................................
. LaTeX info: "xparse/define-command"
. 
. Defining command \xpretoindexfieldformat with sig. 'O{*}m' on line 165.
.................................................
.................................................
. LaTeX info: "xparse/define-command"
. 
. Defining command \xapptoindexfieldformat with sig. 'O{*}m' on line 167.
.................................................
.................................................
. LaTeX info: "xparse/define-command"
. 
. Defining command \xshowindexfieldformat with sig. 'O{*}m' on line 169.
.................................................
.................................................
. LaTeX info: "xparse/define-command"
. 
. Defining command \xpatchindexnameformat with sig. 'O{*}m' on line 171.
.................................................
.................................................
. LaTeX info: "xparse/define-command"
. 
. Defining command \xpretoindexnameformat with sig. 'O{*}m' on line 173.
.................................................
.................................................
. LaTeX info: "xparse/define-command"
. 
. Defining command \xapptoindexnameformat with sig. 'O{*}m' on line 175.
.................................................
.................................................
. LaTeX info: "xparse/define-command"
. 
. Defining command \xshowindexnameformat with sig. 'O{*}m' on line 177.
.................................................
.................................................
. LaTeX info: "xparse/define-command"
. 
. Defining command \xpatchindexlistformat with sig. 'O{*}m' on line 179.
.................................................
.................................................
. LaTeX info: "xparse/define-command"
. 
. Defining command \xpretoindexlistformat with sig. 'O{*}m' on line 181.
.................................................
.................................................
. LaTeX info: "xparse/define-command"
. 
. Defining command \xappindextolistformat with sig. 'O{*}m' on line 183.
.................................................
.................................................
. LaTeX info: "xparse/define-command"
. 
. Defining command \xshowindexlistformat with sig. 'O{*}m' on line 185.
.................................................
.................................................
. LaTeX info: "xparse/define-command"
. 
. Defining command \xpatchbibdriver with sig. 'm' on line 187.
.................................................
.................................................
. LaTeX info: "xparse/define-command"
. 
. Defining command \xpretobibdriver with sig. 'm' on line 189.
.................................................
.................................................
. LaTeX info: "xparse/define-command"
. 
. Defining command \xapptobibdriver with sig. 'm' on line 191.
.................................................
.................................................
. LaTeX info: "xparse/define-command"
. 
. Defining command \xshowbibdriver with sig. 'm' on line 193.
.................................................
)
(/usr/share/texlive/texmf-dist/tex/latex/polyglossia/gloss-english.ldf
File: gloss-english.ldf polyglossia: module for english
)
Package polyglossia Info: Default language is english.

(/usr/share/texlive/texmf-dist/tex/latex/biblatex/biblatex.sty
Package: biblatex 2017/12/19 v3.10 programmable bibliographies (PK/JW/AB)

(/usr/share/texlive/texmf-dist/tex/generic/oberdiek/pdftexcmds.sty
Package: pdftexcmds 2018/01/21 v0.26 Utility functions of pdfTeX for LuaTeX (HO
)

(/usr/share/texlive/texmf-dist/tex/generic/oberdiek/infwarerr.sty
Package: infwarerr 2016/05/16 v1.4 Providing info/warning/error messages (HO)
)
(/usr/share/texlive/texmf-dist/tex/generic/oberdiek/ltxcmds.sty
Package: ltxcmds 2016/05/16 v1.23 LaTeX kernel commands for general use (HO)
)
(/usr/share/texlive/texmf-dist/tex/generic/oberdiek/ifpdf.sty
Package: ifpdf 2017/03/15 v3.2 Provides the ifpdf switch
)
Package pdftexcmds Info: LuaTeX not detected.
Package pdftexcmds Info: pdfTeX >= 1.30 not detected.
Package pdftexcmds Info: \pdf@primitive is available.
Package pdftexcmds Info: \pdf@ifprimitive is available.
Package pdftexcmds Info: \pdfdraftmode not found.
)
(/usr/share/texlive/texmf-dist/tex/latex/oberdiek/kvoptions.sty
Package: kvoptions 2016/05/16 v3.12 Key value format for package options (HO)

(/usr/share/texlive/texmf-dist/tex/generic/oberdiek/kvsetkeys.sty
Package: kvsetkeys 2016/05/16 v1.17 Key value parser (HO)

(/usr/share/texlive/texmf-dist/tex/generic/oberdiek/etexcmds.sty
Package: etexcmds 2016/05/16 v1.6 Avoid name clashes with e-TeX commands (HO)
Package etexcmds Info: Could not find \expanded.
(etexcmds)             That can mean that you are not using pdfTeX 1.50 or
(etexcmds)             that some package has redefined \expanded.
(etexcmds)             In the latter case, load this package earlier.
)))
(/usr/share/texlive/texmf-dist/tex/latex/logreq/logreq.sty
Package: logreq 2010/08/04 v1.0 xml request logger
\lrq@indent=\count190

(/usr/share/texlive/texmf-dist/tex/latex/logreq/logreq.def
File: logreq.def 2010/08/04 v1.0 logreq spec v1.0
))
(/usr/share/texlive/texmf-dist/tex/latex/base/ifthen.sty
Package: ifthen 2014/09/29 v1.1c Standard LaTeX ifthen package (DPC)
)
(/usr/share/texlive/texmf-dist/tex/latex/url/url.sty
\Urlmuskip=\muskip16
Package: url 2013/09/16  ver 3.4  Verb mode for urls, etc.
)
(/usr/share/texlive/texmf-dist/tex/generic/xstring/xstring.sty
(/usr/share/texlive/texmf-dist/tex/generic/xstring/xstring.tex
\@xs@message=\write3
\integerpart=\count191
\decimalpart=\count192
)
Package: xstring 2013/10/13  v1.7c  String manipulations (C Tellechea)
)
\c@tabx@nest=\count193
\c@listtotal=\count194
\c@listcount=\count195
\c@liststart=\count196
\c@liststop=\count197
\c@citecount=\count198
\c@citetotal=\count199
\c@multicitecount=\count266
\c@multicitetotal=\count267
\c@instcount=\count268
\c@maxnames=\count269
\c@minnames=\count270
\c@maxitems=\count271
\c@minitems=\count272
\c@citecounter=\count273
\c@savedcitecounter=\count274
\c@uniquelist=\count275
\c@uniquename=\count276
\c@refsection=\count277
\c@refsegment=\count278
\c@maxextratitle=\count279
\c@maxextratitleyear=\count280
\c@maxextradate=\count281
\c@maxextraalpha=\count282
\c@abbrvpenalty=\count283
\c@highnamepenalty=\count284
\c@lownamepenalty=\count285
\c@maxparens=\count286
\c@parenlevel=\count287
\blx@tempcnta=\count288
\blx@tempcntb=\count289
\blx@tempcntc=\count290
\blx@maxsection=\count291
\blx@maxsegment@0=\count292
\blx@notetype=\count293
\blx@parenlevel@text=\count294
\blx@parenlevel@foot=\count295
\blx@sectionciteorder@0=\count296
\labelnumberwidth=\skip63
\labelalphawidth=\skip64
\biblabelsep=\skip65
\bibitemsep=\skip66
\bibnamesep=\skip67
\bibinitsep=\skip68
\bibparsep=\skip69
\bibhang=\skip70
\blx@bcfin=\read2
\blx@bcfout=\write4
\c@mincomprange=\count297
\c@maxcomprange=\count298
\c@mincompwidth=\count299
Package biblatex Info: Trying to load biblatex default data model...
Package biblatex Info: ... file 'blx-dm.def' found.

(/usr/share/texlive/texmf-dist/tex/latex/biblatex/blx-dm.def)
Package biblatex Info: Trying to load biblatex style data model...
Package biblatex Info: ... file 'apa.dbx' found.

(/usr/share/texlive/texmf-dist/tex/latex/biblatex-apa/apa.dbx
File: apa.dbx 2017/11/05 v7.5 APA biblatex style data model
)
Package biblatex Info: Trying to load biblatex custom data model...
Package biblatex Info: ... file 'biblatex-dm.cfg' not found.
\c@afterword=\count300
\c@savedafterword=\count301
\c@annotator=\count302
\c@savedannotator=\count303
\c@author=\count304
\c@savedauthor=\count305
\c@bookauthor=\count306
\c@savedbookauthor=\count307
\c@commentator=\count308
\c@savedcommentator=\count309
\c@editor=\count310
\c@savededitor=\count311
\c@editora=\count312
\c@savededitora=\count313
\c@editorb=\count314
\c@savededitorb=\count315
\c@editorc=\count316
\c@savededitorc=\count317
\c@foreword=\count318
\c@savedforeword=\count319
\c@holder=\count320
\c@savedholder=\count321
\c@introduction=\count322
\c@savedintroduction=\count323
\c@namea=\count324
\c@savednamea=\count325
\c@nameb=\count326
\c@savednameb=\count327
\c@namec=\count328
\c@savednamec=\count329
\c@translator=\count330
\c@savedtranslator=\count331
\c@shortauthor=\count332
\c@savedshortauthor=\count333
\c@shorteditor=\count334
\c@savedshorteditor=\count335
\c@with=\count336
\c@savedwith=\count337
\c@writer=\count338
\c@savedwriter=\count339
\c@producer=\count340
\c@savedproducer=\count341
\c@execproducer=\count342
\c@savedexecproducer=\count343
\c@director=\count344
\c@saveddirector=\count345
\c@labelname=\count346
\c@savedlabelname=\count347
\c@institution=\count348
\c@savedinstitution=\count349
\c@lista=\count350
\c@savedlista=\count351
\c@listb=\count352
\c@savedlistb=\count353
\c@listc=\count354
\c@savedlistc=\count355
\c@listd=\count356
\c@savedlistd=\count357
\c@liste=\count358
\c@savedliste=\count359
\c@listf=\count360
\c@savedlistf=\count361
\c@location=\count362
\c@savedlocation=\count363
\c@organization=\count364
\c@savedorganization=\count365
\c@origlocation=\count366
\c@savedoriglocation=\count367
\c@origpublisher=\count368
\c@savedorigpublisher=\count369
\c@publisher=\count370
\c@savedpublisher=\count371
\c@language=\count372
\c@savedlanguage=\count373
\c@origlanguage=\count374
\c@savedoriglanguage=\count375
\c@pageref=\count376
\c@savedpageref=\count377
\shorthandwidth=\skip71
\shortjournalwidth=\skip72
\shortserieswidth=\skip73
\shorttitlewidth=\skip74
\shortauthorwidth=\skip75
\shorteditorwidth=\skip76
Package biblatex Info: Trying to load enhanced support for Unicode engines...
Package biblatex Info: ... file 'blx-unicode.def' found.

(/usr/share/texlive/texmf-dist/tex/latex/biblatex/blx-unicode.def)
Package biblatex Info: Trying to load compatibility code...
Package biblatex Info: ... file 'blx-compat.def' found.

(/usr/share/texlive/texmf-dist/tex/latex/biblatex/blx-compat.def
File: blx-compat.def 2017/12/19 v3.10 biblatex compatibility (PK/JW/AB)
)
Package biblatex Info: Trying to load generic definitions...
Package biblatex Info: ... file 'biblatex.def' found.

(/usr/share/texlive/texmf-dist/tex/latex/biblatex/biblatex.def
File: biblatex.def 2017/12/19 v3.10 biblatex compatibility (PK/JW/AB)
\c@textcitecount=\count378
\c@textcitetotal=\count379
\c@textcitemaxnames=\count380
\c@biburlnumpenalty=\count381
\c@biburlucpenalty=\count382
\c@biburllcpenalty=\count383
\c@smartand=\count384
)
Package biblatex Info: Trying to load bibliography style 'apa'...
Package biblatex Info: ... file 'apa.bbx' found.

(/usr/share/texlive/texmf-dist/tex/latex/biblatex-apa/apa.bbx
File: apa.bbx 2017/11/05 v7.5 APA biblatex references style
Package biblatex Info: Trying to load bibliography style 'standard'...
Package biblatex Info: ... file 'standard.bbx' found.

(/usr/share/texlive/texmf-dist/tex/latex/biblatex/bbx/standard.bbx
File: standard.bbx 2017/12/19 v3.10 biblatex bibliography style (PK/JW/AB)
\c@bbx:relatedcount=\count385
\c@bbx:relatedtotal=\count386
))
Package biblatex Info: Trying to load citation style 'apa'...
Package biblatex Info: ... file 'apa.cbx' found.

(/usr/share/texlive/texmf-dist/tex/latex/biblatex-apa/apa.cbx
File: apa.cbx 2017/11/05 v7.5 APA biblatex citation style
Package biblatex Info: Delimiter 'nameyeardelim' in context '' already defined,
 overwriting.
Package biblatex Info: Delimiter 'nameyeardelim' in context 'textcite' already 
defined, overwriting.
Package biblatex Info: Delimiter 'andothersdelim' in context '' already defined
, overwriting.
Package biblatex Info: Redefining '\parencite'.
Package biblatex Info: Redefining '\fullcite'.
Package biblatex Info: Redefining '\citeyear'.
Package biblatex Info: Redefining '\cite'.
Package biblatex Info: Redefining '\footcite'.
Package biblatex Info: Redefining '\textcites'.
Package biblatex Info: Redefining '\textcite'.
Package biblatex Info: Redefining '\citeauthor'.
)
Package biblatex Info: Trying to load configuration file...
Package biblatex Info: ... file 'biblatex.cfg' found.

(/usr/share/texlive/texmf-dist/tex/latex/biblatex/biblatex.cfg
File: biblatex.cfg 
))
(/usr/share/texlive/texmf-dist/tex/latex/textpos/textpos.sty
Package: textpos 2016/06/07 v1.8

Package: textpos 2016/06/07 1.8, absolute positioning of text on the page
(/usr/share/texlive/texmf-dist/tex/latex/ms/everyshi.sty
Package: everyshi 2001/05/15 v3.00 EveryShipout Package (MS)
)
\TP@textbox=\box43
\TP@holdbox=\box44
\TPHorizModule=\dimen144
\TPVertModule=\dimen145
\TP@margin=\dimen146
\TP@absmargin=\dimen147

Grid set 16 x 16 = 37.34424pt x 52.81541pt
\TPboxrulesize=\dimen148
\TP@ox=\dimen149
\TP@oy=\dimen150
\TP@tbargs=\toks21
\TP@prevdepth=\dimen151
TextBlockOrigin set to 0pt x 0pt
) (/usr/share/texlive/texmf-dist/tex/latex/hyphenat/hyphenat.sty
Package: hyphenat 2009/09/02 v2.3c hyphenation utilities
\langwohyphens=\language84
LaTeX Info: Redefining \_ on input line 43.
)
(/usr/share/texlive/texmf-dist/tex/latex/graphics/graphicx.sty
Package: graphicx 2017/06/01 v1.1a Enhanced LaTeX Graphics (DPC,SPQR)

(/usr/share/texlive/texmf-dist/tex/latex/graphics/graphics.sty
Package: graphics 2017/06/25 v1.2c Standard LaTeX Graphics (DPC,SPQR)

(/usr/share/texlive/texmf-dist/tex/latex/graphics/trig.sty
Package: trig 2016/01/03 v1.10 sin cos tan (DPC)
)
(/usr/share/texlive/texmf-dist/tex/latex/graphics-cfg/graphics.cfg
File: graphics.cfg 2016/06/04 v1.11 sample graphics configuration
)
Package graphics Info: Driver file: xetex.def on input line 99.
)
\Gin@req@height=\dimen152
\Gin@req@width=\dimen153
)
(/usr/share/texlive/texmf-dist/tex/latex/caption/caption.sty
Package: caption 2016/02/21 v3.3-144 Customizing captions (AR)

(/usr/share/texlive/texmf-dist/tex/latex/caption/caption3.sty
Package: caption3 2016/05/22 v1.7-166 caption3 kernel (AR)
Package caption3 Info: TeX engine: e-TeX on input line 67.
\captionmargin=\dimen154
\captionmargin@=\dimen155
\captionwidth=\dimen156
\caption@tempdima=\dimen157
\caption@indent=\dimen158
\caption@parindent=\dimen159
\caption@hangindent=\dimen160
)
\c@ContinuedFloat=\count387
)
(/usr/share/texlive/texmf-dist/tex/latex/threeparttable/threeparttable.sty
Package: threeparttable 2003/06/13  v 3.0
\@tempboxb=\box45
)
(/usr/share/texlive/texmf-dist/tex/latex/graphics/rotating.sty
Package: rotating 2016/08/11 v2.16d rotated objects in LaTeX
\c@r@tfl@t=\count388
\rotFPtop=\skip77
\rotFPbot=\skip78
\rot@float@box=\box46
\rot@mess@toks=\toks22
)
(/usr/share/texlive/texmf-dist/tex/latex/setspace/setspace.sty
Package: setspace 2011/12/19 v6.7a set line spacing
)
(/usr/share/texlive/texmf-dist/tex/latex/oberdiek/ifdraft.sty
Package: ifdraft 2016/05/16 v1.4 Detect class options draft and final (HO)
)
(/usr/share/texlive/texmf-dist/tex/latex/booktabs/booktabs.sty
Package: booktabs 2016/04/27 v1.618033 publication quality tables
\heavyrulewidth=\dimen161
\lightrulewidth=\dimen162
\cmidrulewidth=\dimen163
\belowrulesep=\dimen164
\belowbottomsep=\dimen165
\aboverulesep=\dimen166
\abovetopsep=\dimen167
\cmidrulesep=\dimen168
\cmidrulekern=\dimen169
\defaultaddspace=\dimen170
\@cmidla=\count389
\@cmidlb=\count390
\@aboverulesep=\dimen171
\@belowrulesep=\dimen172
\@thisruleclass=\count391
\@lastruleclass=\count392
\@thisrulewidth=\dimen173
)
(/usr/share/texlive/texmf-dist/tex/latex/hyperref/hyperref.sty
Package: hyperref 2018/02/06 v6.86b Hypertext links for LaTeX

(/usr/share/texlive/texmf-dist/tex/generic/oberdiek/hobsub-hyperref.sty
Package: hobsub-hyperref 2016/05/16 v1.14 Bundle oberdiek, subset hyperref (HO)


(/usr/share/texlive/texmf-dist/tex/generic/oberdiek/hobsub-generic.sty
Package: hobsub-generic 2016/05/16 v1.14 Bundle oberdiek, subset generic (HO)
Package: hobsub 2016/05/16 v1.14 Construct package bundles (HO)
Package hobsub Info: Skipping package `infwarerr' (already loaded).
Package hobsub Info: Skipping package `ltxcmds' (already loaded).
Package hobsub Info: Skipping package `ifluatex' (already loaded).
Package: ifvtex 2016/05/16 v1.6 Detect VTeX and its facilities (HO)
Package ifvtex Info: VTeX not detected.
Package: intcalc 2016/05/16 v1.2 Expandable calculations with integers (HO)
Package hobsub Info: Skipping package `ifpdf' (already loaded).
Package hobsub Info: Skipping package `etexcmds' (already loaded).
Package hobsub Info: Skipping package `kvsetkeys' (already loaded).
Package: kvdefinekeys 2016/05/16 v1.4 Define keys (HO)
Package hobsub Info: Skipping package `pdftexcmds' (already loaded).
Package: pdfescape 2016/05/16 v1.14 Implements pdfTeX's escape features (HO)
Package: bigintcalc 2016/05/16 v1.4 Expandable calculations on big integers (HO
)
Package: bitset 2016/05/16 v1.2 Handle bit-vector datatype (HO)
Package: uniquecounter 2016/05/16 v1.3 Provide unlimited unique counter (HO)
)
Package hobsub Info: Skipping package `hobsub' (already loaded).
Package: letltxmacro 2016/05/16 v1.5 Let assignment for LaTeX macros (HO)
Package: hopatch 2016/05/16 v1.3 Wrapper for package hooks (HO)
Package: xcolor-patch 2016/05/16 xcolor patch
Package: atveryend 2016/05/16 v1.9 Hooks at the very end of document (HO)
Package: atbegshi 2016/06/09 v1.18 At begin shipout hook (HO)
Package: refcount 2016/05/16 v3.5 Data extraction from label references (HO)
Package: hycolor 2016/05/16 v1.8 Color options for hyperref/bookmark (HO)
)
(/usr/share/texlive/texmf-dist/tex/latex/oberdiek/auxhook.sty
Package: auxhook 2016/05/16 v1.4 Hooks for auxiliary files (HO)
)
\@linkdim=\dimen174
\Hy@linkcounter=\count393
\Hy@pagecounter=\count394

(/usr/share/texlive/texmf-dist/tex/latex/hyperref/pd1enc.def
File: pd1enc.def 2018/02/06 v6.86b Hyperref: PDFDocEncoding definition (HO)
)
\Hy@SavedSpaceFactor=\count395

(/usr/share/texlive/texmf-dist/tex/latex/latexconfig/hyperref.cfg
File: hyperref.cfg 2002/06/06 v1.2 hyperref configuration of TeXLive
)
Package hyperref Info: Hyper figures OFF on input line 4509.
Package hyperref Info: Link nesting OFF on input line 4514.
Package hyperref Info: Hyper index ON on input line 4517.
Package hyperref Info: Plain pages OFF on input line 4524.
Package hyperref Info: Backreferencing OFF on input line 4529.
Package hyperref Info: Implicit mode ON; LaTeX internals redefined.
Package hyperref Info: Bookmarks ON on input line 4762.
\c@Hy@tempcnt=\count396
LaTeX Info: Redefining \url on input line 5115.
\XeTeXLinkMargin=\dimen175
\Fld@menulength=\count397
\Field@Width=\dimen176
\Fld@charsize=\dimen177
Package hyperref Info: Hyper figures OFF on input line 6369.
Package hyperref Info: Link nesting OFF on input line 6374.
Package hyperref Info: Hyper index ON on input line 6377.
Package hyperref Info: backreferencing OFF on input line 6384.
Package hyperref Info: Link coloring OFF on input line 6389.
Package hyperref Info: Link coloring with OCG OFF on input line 6394.
Package hyperref Info: PDF/A mode OFF on input line 6399.
LaTeX Info: Redefining \ref on input line 6439.
LaTeX Info: Redefining \pageref on input line 6443.
\Hy@abspage=\count398
\c@Item=\count399
\c@Hfootnote=\count400
)
Package hyperref Info: Driver (autodetected): hxetex.

(/usr/share/texlive/texmf-dist/tex/latex/hyperref/hxetex.def
File: hxetex.def 2018/02/06 v6.86b Hyperref driver for XeTeX

(/usr/share/texlive/texmf-dist/tex/latex/hyperref/puenc.def
File: puenc.def 2018/02/06 v6.86b Hyperref: PDF Unicode definition (HO)
)
(/usr/share/texlive/texmf-dist/tex/generic/oberdiek/stringenc.sty
Package: stringenc 2016/05/16 v1.11 Convert strings between diff. encodings (HO
)
)
\pdfm@box=\box47
\c@Hy@AnnotLevel=\count401
\HyField@AnnotCount=\count402
\Fld@listcount=\count403
\c@bookmark@seq@number=\count404

(/usr/share/texlive/texmf-dist/tex/latex/oberdiek/rerunfilecheck.sty
Package: rerunfilecheck 2016/05/16 v1.8 Rerun checks for auxiliary files (HO)
Package rerunfilecheck Info: Feature \pdfmdfivesum is not available
(rerunfilecheck)             (e.g. pdfTeX or LuaTeX with package `pdftexcmds').

(rerunfilecheck)             Therefore file contents cannot be checked efficien
tly
(rerunfilecheck)             and the loading of the package is aborted.
)
\Hy@SectionHShift=\skip79
)
Package hyperref Info: Option `colorlinks' set `true' on input line 152.


Package hyperref Warning: Option `pagecolor' is not available anymore.

) (/usr/share/texlive/texmf-dist/tex/latex/geometry/geometry.sty
Package: geometry 2010/09/12 v5.6 Page Geometry
\Gm@cnth=\count405
\Gm@cntv=\count406
\c@Gm@tempcnt=\count407
\Gm@bindingoffset=\dimen178
\Gm@wd@mp=\dimen179
\Gm@odd@mp=\dimen180
\Gm@even@mp=\dimen181
\Gm@layoutwidth=\dimen182
\Gm@layoutheight=\dimen183
\Gm@layouthoffset=\dimen184
\Gm@layoutvoffset=\dimen185
\Gm@dimlist=\toks23
)
(/usr/share/texlive/texmf-dist/tex/latex/lettrine/lettrine.sty
File: lettrine.sty 2015/08/31 v1.9 (Daniel Flipo)
\c@DefaultLines=\count408
\c@DefaultDepth=\count409
\DefaultFindent=\dimen186
\DefaultNindent=\dimen187
\DefaultSlope=\dimen188
\DiscardVskip=\dimen189
\L@lbox=\box48
\L@tbox=\box49
\c@L@lines=\count410
\c@L@depth=\count411
\L@Pindent=\dimen190
\L@Findent=\dimen191
\L@Nindent=\dimen192
\L@lraise=\dimen193
\L@first=\dimen194
\L@next=\dimen195
\L@slope=\dimen196
\L@height=\dimen197
\L@novskip=\dimen198
\LettrineWidth=\dimen199
\LettrineHeight=\dimen256
\LettrineDepth=\dimen257

Loading lettrine.cfg
(/usr/share/texlive/texmf-dist/tex/latex/lettrine/lettrine.cfg))
(/usr/share/texlive/texmf-dist/tex/latex/wallpaper/wallpaper.sty
Package: wallpaper 2005/01/18, v1.01 easy wallpaper formatting (MHFW)

(/usr/share/texlive/texmf-dist/tex/latex/tools/calc.sty
Package: calc 2014/10/28 v4.3 Infix arithmetic (KKT,FJ)
\calc@Acount=\count412
\calc@Bcount=\count413
\calc@Adimen=\dimen258
\calc@Bdimen=\dimen259
\calc@Askip=\skip80
\calc@Bskip=\skip81
LaTeX Info: Redefining \setlength on input line 80.
LaTeX Info: Redefining \addtolength on input line 81.
\calc@Ccount=\count414
\calc@Cskip=\skip82
)
(/usr/share/texlive/texmf-dist/tex/latex/eso-pic/eso-pic.sty
Package: eso-pic 2015/07/21 v2.0g eso-pic (RN)
)
\wpXoffset=\skip83
\wpYoffset=\skip84
\tileXoffset=\skip85
\tileYoffset=\skip86
\tilewidth=\skip87
\tileheight=\skip88
\tileX=\skip89
\tileY=\skip90
)
.................................................
. LaTeX info: "xparse/redefine-command"
. 
. Redefining command \maketitle with sig. '' on line 210.
.................................................

(/usr/share/texlive/texmf-dist/tex/latex/tocloft/tocloft.sty
Package: tocloft 2017/08/31 v2.3i parameterised ToC, etc., typesetting
Package tocloft Info: The document has section divisions on input line 51.
\cftparskip=\skip91
\cftbeforetoctitleskip=\skip92
\cftaftertoctitleskip=\skip93
\cftbeforepartskip=\skip94
\cftpartnumwidth=\skip95
\cftpartindent=\skip96
\cftbeforesecskip=\skip97
\cftsecindent=\skip98
\cftsecnumwidth=\skip99
\cftbeforesubsecskip=\skip100
\cftsubsecindent=\skip101
\cftsubsecnumwidth=\skip102
\cftbeforesubsubsecskip=\skip103
\cftsubsubsecindent=\skip104
\cftsubsubsecnumwidth=\skip105
\cftbeforeparaskip=\skip106
\cftparaindent=\skip107
\cftparanumwidth=\skip108
\cftbeforesubparaskip=\skip109
\cftsubparaindent=\skip110
\cftsubparanumwidth=\skip111
\cftbeforeloftitleskip=\skip112
\cftafterloftitleskip=\skip113
\cftbeforefigskip=\skip114
\cftfigindent=\skip115
\cftfignumwidth=\skip116
\c@lofdepth=\count415
\c@lotdepth=\count416
\cftbeforelottitleskip=\skip117
\cftafterlottitleskip=\skip118
\cftbeforetabskip=\skip119
\cfttabindent=\skip120
\cfttabnumwidth=\skip121
)
(/usr/share/texlive/texmf-dist/tex/latex/lastpage/lastpage.sty
Package: lastpage 2015/03/29 v1.2m Refers to last page's name (HMM; JPG)
)
.................................................
. LaTeX info: "xparse/define-command"
. 
. Defining command \summary with sig. 'O {Executive Summary}' on line 267.
.................................................

(/usr/share/texlive/texmf-dist/tex/latex/appendix/appendix.sty
Package: appendix 2009/09/02 v1.2b extra appendix facilities
\c@@pps=\count417
\c@@ppsavesec=\count418
\c@@ppsaveapp=\count419
))
(/usr/share/texlive/texmf-dist/tex/latex/tools/longtable.sty
Package: longtable 2014/10/28 v4.11 Multi-page Table package (DPC)
\LTleft=\skip122
\LTright=\skip123
\LTpre=\skip124
\LTpost=\skip125
\LTchunksize=\count420
\LTcapwidth=\dimen260
\LT@head=\box50
\LT@firsthead=\box51
\LT@foot=\box52
\LT@lastfoot=\box53
\LT@cols=\count421
\LT@rows=\count422
\c@LT@tables=\count423
\c@LT@chunks=\count424
\LT@p@ftn=\toks24
)
(/usr/share/texlive/texmf-dist/tex/latex/tools/tabularx.sty
Package: tabularx 2016/02/03 v2.11 `tabularx' package (DPC)
\TX@col@width=\dimen261
\TX@old@table=\dimen262
\TX@old@col=\dimen263
\TX@target=\dimen264
\TX@delta=\dimen265
\TX@cols=\count425
\TX@ftn=\toks25
)
(/usr/share/texlive/texmf-dist/tex/latex/dragonfly/knitr.sty
Package: knitr 2014/05/07 v0.5 Knitr latex definitions

(/usr/share/texlive/texmf-dist/tex/latex/framed/framed.sty
Package: framed 2011/10/22 v 0.96: framed or shaded text with page breaks
\OuterFrameSep=\skip126
\fb@frw=\dimen266
\fb@frh=\dimen267
\FrameRule=\dimen268
\FrameSep=\dimen269
)
(/usr/share/texlive/texmf-dist/tex/latex/base/alltt.sty
Package: alltt 1997/06/16 v2.0g defines alltt environment
)
(/usr/share/texlive/texmf-dist/tex/latex/upquote/upquote.sty
Package: upquote 2012/04/19 v1.3 upright-quote and grave-accent glyphs in verba
tim

(/usr/share/texlive/texmf-dist/tex/latex/base/textcomp.sty
Package: textcomp 2017/04/05 v2.0i Standard LaTeX package
Package textcomp Info: Sub-encoding information:
(textcomp)               5 = only ISO-Adobe without \textcurrency
(textcomp)               4 = 5 + \texteuro
(textcomp)               3 = 4 + \textohm
(textcomp)               2 = 3 + \textestimated + \textcurrency
(textcomp)               1 = TS1 - \textcircled - \t
(textcomp)               0 = TS1 (full)
(textcomp)             Font families with sub-encoding setting implement
(textcomp)             only a restricted character set as indicated.
(textcomp)             Family '?' is the default used for unknown fonts.
(textcomp)             See the documentation for details.
Package textcomp Info: Setting ? sub-encoding to TS1/1 on input line 79.

(/usr/share/texlive/texmf-dist/tex/latex/base/ts1enc.def
File: ts1enc.def 2001/06/05 v3.0e (jk/car/fm) Standard LaTeX file
)
LaTeX Info: Redefining \oldstylenums on input line 334.
Package textcomp Info: Setting cmr sub-encoding to TS1/0 on input line 349.
Package textcomp Info: Setting cmss sub-encoding to TS1/0 on input line 350.
Package textcomp Info: Setting cmtt sub-encoding to TS1/0 on input line 351.
Package textcomp Info: Setting cmvtt sub-encoding to TS1/0 on input line 352.
Package textcomp Info: Setting cmbr sub-encoding to TS1/0 on input line 353.
Package textcomp Info: Setting cmtl sub-encoding to TS1/0 on input line 354.
Package textcomp Info: Setting ccr sub-encoding to TS1/0 on input line 355.
Package textcomp Info: Setting ptm sub-encoding to TS1/4 on input line 356.
Package textcomp Info: Setting pcr sub-encoding to TS1/4 on input line 357.
Package textcomp Info: Setting phv sub-encoding to TS1/4 on input line 358.
Package textcomp Info: Setting ppl sub-encoding to TS1/3 on input line 359.
Package textcomp Info: Setting pag sub-encoding to TS1/4 on input line 360.
Package textcomp Info: Setting pbk sub-encoding to TS1/4 on input line 361.
Package textcomp Info: Setting pnc sub-encoding to TS1/4 on input line 362.
Package textcomp Info: Setting pzc sub-encoding to TS1/4 on input line 363.
Package textcomp Info: Setting bch sub-encoding to TS1/4 on input line 364.
Package textcomp Info: Setting put sub-encoding to TS1/5 on input line 365.
Package textcomp Info: Setting uag sub-encoding to TS1/5 on input line 366.
Package textcomp Info: Setting ugq sub-encoding to TS1/5 on input line 367.
Package textcomp Info: Setting ul8 sub-encoding to TS1/4 on input line 368.
Package textcomp Info: Setting ul9 sub-encoding to TS1/4 on input line 369.
Package textcomp Info: Setting augie sub-encoding to TS1/5 on input line 370.
Package textcomp Info: Setting dayrom sub-encoding to TS1/3 on input line 371.
Package textcomp Info: Setting dayroms sub-encoding to TS1/3 on input line 372.

Package textcomp Info: Setting pxr sub-encoding to TS1/0 on input line 373.
Package textcomp Info: Setting pxss sub-encoding to TS1/0 on input line 374.
Package textcomp Info: Setting pxtt sub-encoding to TS1/0 on input line 375.
Package textcomp Info: Setting txr sub-encoding to TS1/0 on input line 376.
Package textcomp Info: Setting txss sub-encoding to TS1/0 on input line 377.
Package textcomp Info: Setting txtt sub-encoding to TS1/0 on input line 378.
Package textcomp Info: Setting lmr sub-encoding to TS1/0 on input line 379.
Package textcomp Info: Setting lmdh sub-encoding to TS1/0 on input line 380.
Package textcomp Info: Setting lmss sub-encoding to TS1/0 on input line 381.
Package textcomp Info: Setting lmssq sub-encoding to TS1/0 on input line 382.
Package textcomp Info: Setting lmvtt sub-encoding to TS1/0 on input line 383.
Package textcomp Info: Setting lmtt sub-encoding to TS1/0 on input line 384.
Package textcomp Info: Setting qhv sub-encoding to TS1/0 on input line 385.
Package textcomp Info: Setting qag sub-encoding to TS1/0 on input line 386.
Package textcomp Info: Setting qbk sub-encoding to TS1/0 on input line 387.
Package textcomp Info: Setting qcr sub-encoding to TS1/0 on input line 388.
Package textcomp Info: Setting qcs sub-encoding to TS1/0 on input line 389.
Package textcomp Info: Setting qpl sub-encoding to TS1/0 on input line 390.
Package textcomp Info: Setting qtm sub-encoding to TS1/0 on input line 391.
Package textcomp Info: Setting qzc sub-encoding to TS1/0 on input line 392.
Package textcomp Info: Setting qhvc sub-encoding to TS1/0 on input line 393.
Package textcomp Info: Setting futs sub-encoding to TS1/4 on input line 394.
Package textcomp Info: Setting futx sub-encoding to TS1/4 on input line 395.
Package textcomp Info: Setting futj sub-encoding to TS1/4 on input line 396.
Package textcomp Info: Setting hlh sub-encoding to TS1/3 on input line 397.
Package textcomp Info: Setting hls sub-encoding to TS1/3 on input line 398.
Package textcomp Info: Setting hlst sub-encoding to TS1/3 on input line 399.
Package textcomp Info: Setting hlct sub-encoding to TS1/5 on input line 400.
Package textcomp Info: Setting hlx sub-encoding to TS1/5 on input line 401.
Package textcomp Info: Setting hlce sub-encoding to TS1/5 on input line 402.
Package textcomp Info: Setting hlcn sub-encoding to TS1/5 on input line 403.
Package textcomp Info: Setting hlcw sub-encoding to TS1/5 on input line 404.
Package textcomp Info: Setting hlcf sub-encoding to TS1/5 on input line 405.
Package textcomp Info: Setting pplx sub-encoding to TS1/3 on input line 406.
Package textcomp Info: Setting pplj sub-encoding to TS1/3 on input line 407.
Package textcomp Info: Setting ptmx sub-encoding to TS1/4 on input line 408.
Package textcomp Info: Setting ptmj sub-encoding to TS1/4 on input line 409.
)))
(/usr/share/texlive/texmf-dist/tex/latex/placeins/placeins.sty
Package: placeins 2005/04/18  v 2.2
)
Package csquotes Info: Checking for multilingual support...
Package csquotes Info: ... found 'polyglossia' package.
Package csquotes Info: Adjusting default style.
Package csquotes Info: Redefining alias 'default' -> 'english'.
Package biblatex Info: Trying to load language 'english' -> 'english-apa'...
Package biblatex Info: ... file 'english-apa.lbx' found.

(/usr/share/texlive/texmf-dist/tex/latex/biblatex-apa/english-apa.lbx
File: english-apa.lbx 2017/11/05 v7.5 APA biblatex localisation
Package biblatex Info: Trying to load language 'english'...
Package biblatex Info: ... file 'english.lbx' found.

(/usr/share/texlive/texmf-dist/tex/latex/biblatex/lbx/english.lbx
File: english.lbx 2017/12/19 v3.10 biblatex localization (PK/JW/AB)
)
Package biblatex Info: Trying to load language 'american'...
Package biblatex Info: ... file 'american.lbx' found.

(/usr/share/texlive/texmf-dist/tex/latex/biblatex/lbx/american.lbx
File: american.lbx 2017/12/19 v3.10 biblatex localization (PK/JW/AB)
))
(./report.aux)
\openout1 = `report.aux'.

LaTeX Font Info:    Checking defaults for OML/cmm/m/it on input line 21.
LaTeX Font Info:    ... okay on input line 21.
LaTeX Font Info:    Checking defaults for T1/cmr/m/n on input line 21.
LaTeX Font Info:    ... okay on input line 21.
LaTeX Font Info:    Checking defaults for OT1/cmr/m/n on input line 21.
LaTeX Font Info:    ... okay on input line 21.
LaTeX Font Info:    Checking defaults for OMS/cmsy/m/n on input line 21.
LaTeX Font Info:    ... okay on input line 21.
LaTeX Font Info:    Checking defaults for TU/lmr/m/n on input line 21.
LaTeX Font Info:    ... okay on input line 21.
LaTeX Font Info:    Checking defaults for OMX/cmex/m/n on input line 21.
LaTeX Font Info:    ... okay on input line 21.
LaTeX Font Info:    Checking defaults for U/cmr/m/n on input line 21.
LaTeX Font Info:    ... okay on input line 21.
LaTeX Font Info:    Checking defaults for PD1/pdf/m/n on input line 21.
LaTeX Font Info:    ... okay on input line 21.
LaTeX Font Info:    Checking defaults for PU/pdf/m/n on input line 21.
LaTeX Font Info:    ... okay on input line 21.
LaTeX Font Info:    Checking defaults for TS1/cmr/m/n on input line 21.
LaTeX Font Info:    Try loading font information for TS1+cmr on input line 21.
 (/usr/share/texlive/texmf-dist/tex/latex/base/ts1cmr.fd
File: ts1cmr.fd 2014/09/29 v2.5h Standard LaTeX font definitions
)
LaTeX Font Info:    ... okay on input line 21.
.................................................
. fontspec info: "setup-math"
. 
. Adjusting the maths setup (use [no-math] to avoid this).
.................................................
\symlegacymaths=\mathgroup4
LaTeX Font Info:    Overwriting symbol font `legacymaths' in version `bold'
(Font)                  OT1/cmr/m/n --> OT1/cmr/bx/n on input line 21.
LaTeX Font Info:    Redeclaring math accent \acute on input line 21.
LaTeX Font Info:    Redeclaring math accent \grave on input line 21.
LaTeX Font Info:    Redeclaring math accent \ddot on input line 21.
LaTeX Font Info:    Redeclaring math accent \tilde on input line 21.
LaTeX Font Info:    Redeclaring math accent \bar on input line 21.
LaTeX Font Info:    Redeclaring math accent \breve on input line 21.
LaTeX Font Info:    Redeclaring math accent \check on input line 21.
LaTeX Font Info:    Redeclaring math accent \hat on input line 21.
LaTeX Font Info:    Redeclaring math accent \dot on input line 21.
LaTeX Font Info:    Redeclaring math accent \mathring on input line 21.
LaTeX Font Info:    Redeclaring math symbol \colon on input line 21.
LaTeX Font Info:    Redeclaring math symbol \Gamma on input line 21.
LaTeX Font Info:    Redeclaring math symbol \Delta on input line 21.
LaTeX Font Info:    Redeclaring math symbol \Theta on input line 21.
LaTeX Font Info:    Redeclaring math symbol \Lambda on input line 21.
LaTeX Font Info:    Redeclaring math symbol \Xi on input line 21.
LaTeX Font Info:    Redeclaring math symbol \Pi on input line 21.
LaTeX Font Info:    Redeclaring math symbol \Sigma on input line 21.
LaTeX Font Info:    Redeclaring math symbol \Upsilon on input line 21.
LaTeX Font Info:    Redeclaring math symbol \Phi on input line 21.
LaTeX Font Info:    Redeclaring math symbol \Psi on input line 21.
LaTeX Font Info:    Redeclaring math symbol \Omega on input line 21.
LaTeX Font Info:    Redeclaring math symbol \mathdollar on input line 21.
LaTeX Font Info:    Redeclaring symbol font `operators' on input line 21.
LaTeX Font Info:    Encoding `OT1' has changed to `TU' for symbol font
(Font)              `operators' in the math version `normal' on input line 21.
LaTeX Font Info:    Overwriting symbol font `operators' in version `normal'
(Font)                  OT1/cmr/m/n --> TU/OmnesRegular-Roman(0)/m/n on input l
ine 21.
LaTeX Font Info:    Encoding `OT1' has changed to `TU' for symbol font
(Font)              `operators' in the math version `bold' on input line 21.
LaTeX Font Info:    Overwriting symbol font `operators' in version `bold'
(Font)                  OT1/cmr/bx/n --> TU/OmnesRegular-Roman(0)/m/n on input 
line 21.
LaTeX Font Info:    Overwriting symbol font `operators' in version `normal'
(Font)                  TU/OmnesRegular-Roman(0)/m/n --> TU/OmnesRegular-Roman(
0)/m/n on input line 21.
LaTeX Font Info:    Overwriting math alphabet `\mathit' in version `normal'
(Font)                  OT1/cmr/m/it --> TU/OmnesRegular-Roman(0)/m/it on input
 line 21.
LaTeX Font Info:    Overwriting math alphabet `\mathbf' in version `normal'
(Font)                  OT1/cmr/bx/n --> TU/OmnesRegular-Roman(0)/bx/n on input
 line 21.
LaTeX Font Info:    Overwriting math alphabet `\mathsf' in version `normal'
(Font)                  OT1/cmss/m/n --> TU/OmnesRegular-Roman(0)/m/n on input 
line 21.
LaTeX Font Info:    Overwriting math alphabet `\mathtt' in version `normal'
(Font)                  OT1/cmtt/m/n --> TU/OmnesRegular-Roman(0)/m/n on input 
line 21.
LaTeX Font Info:    Overwriting symbol font `operators' in version `bold'
(Font)                  TU/OmnesRegular-Roman(0)/m/n --> TU/OmnesRegular-Roman(
0)/bx/n on input line 21.
LaTeX Font Info:    Overwriting math alphabet `\mathit' in version `bold'
(Font)                  OT1/cmr/bx/it --> TU/OmnesRegular-Roman(0)/bx/it on inp
ut line 21.
LaTeX Font Info:    Overwriting math alphabet `\mathsf' in version `bold'
(Font)                  OT1/cmss/bx/n --> TU/OmnesRegular-Roman(0)/bx/n on inpu
t line 21.
LaTeX Font Info:    Overwriting math alphabet `\mathtt' in version `bold'
(Font)                  OT1/cmtt/m/n --> TU/OmnesRegular-Roman(0)/bx/n on input
 line 21.
Package polyglossia Info: Option: english variant=newzealand.
Package biblatex Info: XeTeX detected.
(biblatex)             Assuming input encoding 'utf8'.
Package biblatex Info: Automatic encoding selection.
(biblatex)             Assuming data encoding 'utf8'.
\openout4 = `report.bcf'.

Package biblatex Info: Trying to load bibliographic data...
Package biblatex Info: ... file 'report.bbl' not found.

No file report.bbl.
Package biblatex Info: Reference section=0 on input line 21.
Package biblatex Info: Reference segment=0 on input line 21.
ABD: EveryShipout initializing macros
Package caption Info: Begin \AtBeginDocument code.
Package caption Info: hyperref package is loaded.
Package caption Info: longtable package is loaded.

(/usr/share/texlive/texmf-dist/tex/latex/caption/ltcaption.sty
Package: ltcaption 2013/06/09 v1.4-94 longtable captions (AR)
)
Package caption Info: rotating package is loaded.
Package caption Info: threeparttable package is loaded.
Package caption Info: End \AtBeginDocument code.
\AtBeginShipoutBox=\box54
Package hyperref Info: Link coloring ON on input line 21.

(/usr/share/texlive/texmf-dist/tex/latex/hyperref/nameref.sty
Package: nameref 2016/05/21 v2.44 Cross-referencing by name of section

(/usr/share/texlive/texmf-dist/tex/generic/oberdiek/gettitlestring.sty
Package: gettitlestring 2016/05/16 v1.5 Cleanup title references (HO)
)
\c@section@level=\count426
)
LaTeX Info: Redefining \ref on input line 21.
LaTeX Info: Redefining \pageref on input line 21.
LaTeX Info: Redefining \nameref on input line 21.

(./report.out) (./report.out)
\@outlinefile=\write5
\openout5 = `report.out'.


*geometry* driver: auto-detecting
*geometry* detected driver: xetex
*geometry* verbose mode - [ preamble ] result:
* driver: xetex
* paper: <default>
* layout: <same size as paper>
* layoutoffset:(h,v)=(0.0pt,0.0pt)
* modes: 
* h-part:(L,W,R)=(85.35826pt, 426.79135pt, 85.35826pt)
* v-part:(T,H,B)=(85.35826pt, 645.87756pt, 113.81102pt)
* \paperwidth=597.50787pt
* \paperheight=845.04684pt
* \textwidth=426.79135pt
* \textheight=645.87756pt
* \oddsidemargin=13.08827pt
* \evensidemargin=13.08827pt
* \topmargin=-23.91173pt
* \headheight=12.0pt
* \headsep=25.0pt
* \topskip=11.0pt
* \footskip=30.0pt
* \marginparwidth=50.0pt
* \marginparsep=10.0pt
* \columnsep=10.0pt
* \skip\footins=10.0pt plus 4.0pt minus 2.0pt
* \hoffset=0.0pt
* \voffset=0.0pt
* \mag=1000
* \@twocolumnfalse
* \@twosidefalse
* \@mparswitchfalse
* \@reversemarginfalse
* (1in=72.27pt=25.4mm, 1cm=28.453pt)

Package lastpage Info: Please have a look at the pageslts package at
(lastpage)             https://www.ctan.org/pkg/pageslts
(lastpage)             ! on input line 21.
\tempfile=\write6
\openout6 = `report-self.bib'.

(/usr/share/texlive/texmf-dist/tex/generic/oberdiek/se-ascii-print.def
File: se-ascii-print.def 2016/05/16 v1.11 stringenc: Printable ASCII characters

)
*geometry* verbose mode - [ newgeometry ] result:
* driver: xetex
* paper: <default>
* layout: <same size as paper>
* layoutoffset:(h,v)=(0.0pt,0.0pt)
* modes: 
* h-part:(L,W,R)=(85.35826pt, 426.79135pt, 85.35826pt)
* v-part:(T,H,B)=(384.1122pt, 369.88583pt, 91.04881pt)
* \paperwidth=597.50787pt
* \paperheight=845.04684pt
* \textwidth=426.79135pt
* \textheight=369.88583pt
* \oddsidemargin=13.08827pt
* \evensidemargin=13.08827pt
* \topmargin=274.84221pt
* \headheight=12.0pt
* \headsep=25.0pt
* \topskip=11.0pt
* \footskip=30.0pt
* \marginparwidth=50.0pt
* \marginparsep=10.0pt
* \columnsep=10.0pt
* \skip\footins=10.0pt plus 4.0pt minus 2.0pt
* \hoffset=0.0pt
* \voffset=0.0pt
* \mag=1000
* \@twocolumnfalse
* \@twosidefalse
* \@mparswitchfalse
* \@reversemarginfalse
* (1in=72.27pt=25.4mm, 1cm=28.453pt)

File: images/forest.jpg Graphic file (type bmp)
<images/forest.jpg>
LaTeX Font Info:    Calculating math sizes for size <7.5> on input line 22.


LaTeX Font Warning: Font shape `OML/cmm/m/it' in size <7.5> not available
(Font)              size <7> substituted on input line 22.


LaTeX Font Warning: Font shape `OML/cmm/m/it' in size <3.75> not available
(Font)              size <5> substituted on input line 22.


LaTeX Font Warning: Font shape `OMS/cmsy/m/n' in size <7.5> not available
(Font)              size <7> substituted on input line 22.


LaTeX Font Warning: Font shape `OMS/cmsy/m/n' in size <3.75> not available
(Font)              size <5> substituted on input line 22.

LaTeX Font Info:    External font `cmex10' loaded for size
(Font)              <7.5> on input line 22.
LaTeX Font Info:    External font `cmex10' loaded for size
(Font)              <5.24997> on input line 22.
LaTeX Font Info:    External font `cmex10' loaded for size
(Font)              <3.75> on input line 22.

LaTeX Font Warning: Font shape `OT1/cmr/m/n' in size <7.5> not available
(Font)              size <7> substituted on input line 22.


LaTeX Font Warning: Font shape `OT1/cmr/m/n' in size <3.75> not available
(Font)              size <5> substituted on input line 22.

LaTeX Font Info:    Calculating math sizes for size <11> on input line 22.

LaTeX Font Warning: Font shape `OML/cmm/m/it' in size <5.5> not available
(Font)              size <5> substituted on input line 22.


LaTeX Font Warning: Font shape `OMS/cmsy/m/n' in size <5.5> not available
(Font)              size <5> substituted on input line 22.

LaTeX Font Info:    External font `cmex10' loaded for size
(Font)              <11> on input line 22.
LaTeX Font Info:    External font `cmex10' loaded for size
(Font)              <7.69997> on input line 22.
LaTeX Font Info:    External font `cmex10' loaded for size
(Font)              <5.5> on input line 22.

LaTeX Font Warning: Font shape `OT1/cmr/m/n' in size <5.5> not available
(Font)              size <5> substituted on input line 22.


Package textpos Warning: environment textblock* not in vertical mode. 
(textpos)                Environment textblock* should not have any text
(textpos)                or printable material appearing before it.
(textpos)                Alignment may work out wrongly. on input line 22.


Overfull \hbox (14.22635pt too wide) in paragraph at lines 22--22
[]| $[]$
 []


Underfull \hbox (badness 10000) in paragraph at lines 22--22

 []

File: logo.eps Graphic file (type eps)
<logo.eps>
[1



]
\blx@maxsegment@1=\count427
\blx@sectionciteorder@1=\count428
Package biblatex Info: Reference section=1 on input line 22.
Package biblatex Info: Setting label 'refsection:1' on input line 22.


LaTeX Warning: Citation 'this' on page 2 undefined on input line 22.


LaTeX Warning: Citation 'this' on page 2 undefined on input line 22.


LaTeX Warning: Citation 'this' on page 2 undefined on input line 22.

Package biblatex Info: Reference section=0 on input line 22.
File: by.png Graphic file (type bmp)
<by.png>
File: wallpaper.png Graphic file (type bmp)
<wallpaper.png>
[2


] (./report.toc
LaTeX Font Info:    External font `cmex10' loaded for size
(Font)              <6> on input line 5.
LaTeX Font Info:    External font `cmex10' loaded for size
(Font)              <5> on input line 5.
)
\tf@toc=\write7
\openout7 = `report.toc'.

 [3

] (./executive.tex) (./build/introduction.tex [4

]
LaTeX Font Info:    External font `cmex10' loaded for size
(Font)              <9> on input line 16.


LaTeX Warning: Citation 'coomes_area-based_2017' on page 5 undefined on input l
ine 18.

[5]
Underfull \hbox (badness 2119) in paragraph at lines 26--26
[][][]\TU/PalatinoLinotype(0)/m/n/9 Documentation here: [][]$[][][][][] [] [] [
] [][][][] [] [][][][][][][][] [] [][][] [] [][][][][][] [] [][][][][][][][][][
][][][][][][][][][][][][][][][][][][][][][][] [] [][][][][][][][][][][] []
 []


Underfull \hbox (badness 3068) in paragraph at lines 26--27
[]\TU/PalatinoLinotype(0)/m/n/11 For the initial proof of concept we use a down
scaled version of the extensive
 []


LaTeX Warning: Citation 'ghosh_aboveground_2018' on page 6 undefined on input l
ine 30.


LaTeX Warning: Citation 'matasci_large-area_2018' on page 6 undefined on input 
line 30.


LaTeX Warning: Citation 'pham_monitoring_2017' on page 6 undefined on input lin
e 30.


LaTeX Warning: Citation 'huang_integration_2019' on page 6 undefined on input l
ine 30.

[6] [7]

LaTeX Warning: Citation 'lu_survey_2016' on page 8 undefined on input line 82.


LaTeX Warning: Citation 'pandit_estimating_2018' on page 8 undefined on input l
ine 84.


LaTeX Warning: Citation 'wang_estimating_2020-1' on page 8 undefined on input l
ine 84.


Underfull \hbox (badness 1331) in paragraph at lines 84--85
[]\TU/PalatinoLinotype(0)/m/n/11 Table. 2: Vegetation Indices derived from Sent
inel 2 information (adapted from
 []


Overfull \hbox (25.44028pt too wide) in paragraph at lines 88--149
[][] 
 []


LaTeX Warning: Citation 'tucker_red_1979' on page 8 undefined on input line 154
.


LaTeX Warning: Citation 'sims_relationships_2002' on page 8 undefined on input 
line 154.


LaTeX Warning: Citation 'huete_overview_2002' on page 8 undefined on input line
 154.


LaTeX Warning: Citation 'jordan_derivation_1969' on page 8 undefined on input l
ine 154.


LaTeX Warning: Citation 'wicaksono_mangrove_2016' on page 8 undefined on input 
line 154.


LaTeX Warning: Citation 'huete_soil-adjusted_1988' on page 8 undefined on input
 line 154.


LaTeX Warning: Citation 'zhu_exploring_2017' on page 8 undefined on input line 
154.


LaTeX Warning: Citation 'kamal_object-based_2015' on page 8 undefined on input 
line 154.


LaTeX Warning: Citation 'castillo_estimation_2017' on page 8 undefined on input
 line 154.


LaTeX Warning: Citation 'hill_vegetation_2013' on page 8 undefined on input lin
e 154.


LaTeX Warning: Citation 'merzlyak_non-destructive_1999' on page 8 undefined on 
input line 154.


LaTeX Warning: Citation 'kross_assessment_2015' on page 8 undefined on input li
ne 154.


LaTeX Warning: Citation 'gitelson_spectral_1994' on page 8 undefined on input l
ine 154.


LaTeX Warning: Citation 'sharma_active-optical_2015' on page 8 undefined on inp
ut line 154.


LaTeX Warning: Citation 'gitelson_relationships_2003' on page 8 undefined on in
put line 154.


LaTeX Warning: Citation 'dash_meris_2004' on page 8 undefined on input line 154
.


LaTeX Warning: Citation 'daughtry_estimating_2000' on page 8 undefined on input
 line 154.


LaTeX Warning: Citation 'fernandez-manso_sentinel-2a_2016' on page 8 undefined 
on input line 154.


LaTeX Warning: Citation 'blackburn_spectral_1998' on page 8 undefined on input 
line 154.


LaTeX Warning: Citation 'frampton_evaluating_2013' on page 8 undefined on input
 line 154.


LaTeX Warning: Citation 'hardisky_influence_1983' on page 8 undefined on input 
line 154.


LaTeX Warning: Citation 'ji_analysis_2009' on page 8 undefined on input line 15
4.


Underfull \hbox (badness 1910) in paragraph at lines 154--155
[]\TU/PalatinoLinotype(0)/m/n/11 References to include from the table: ([], [],

 []


Overfull \hbox (79.09267pt too wide) in paragraph at lines 154--155
[]\TU/PalatinoLinotype(0)/m/n/11 , [], [], [],
 []


Overfull \hbox (43.61122pt too wide) in paragraph at lines 154--155
[]\TU/PalatinoLinotype(0)/m/n/11 , [], [], [],
 []


Underfull \hbox (badness 10000) in paragraph at lines 154--155
[]\TU/PalatinoLinotype(0)/m/n/11 , [], [],
 []


Overfull \hbox (83.31435pt too wide) in paragraph at lines 154--155
[]\TU/PalatinoLinotype(0)/m/n/11 , [], [], [],
 []


Overfull \hbox (18.07452pt too wide) in paragraph at lines 154--155
[]\TU/PalatinoLinotype(0)/m/n/11 , [], [],
 []


LaTeX Warning: Citation 'gitelson_relationships_2003' on page 8 undefined on in
put line 156.


LaTeX Warning: Citation 'castillo_estimation_2017' on page 8 undefined on input
 line 158.


Underfull \hbox (badness 1622) in paragraph at lines 158--159
[]\TU/PalatinoLinotype(0)/m/n/11 2* IRECI had highest correlation to biomass (r
 = 0.8) in []
 []


LaTeX Warning: Citation 'boonprong_random_2018' on page 8 undefined on input li
ne 160.


LaTeX Warning: Citation 'immitzer_first_2016' on page 8 undefined on input line
 160.


LaTeX Warning: Citation 'grabska_forest_2019' on page 8 undefined on input line
 160.


Underfull \hbox (badness 3601) in paragraph at lines 160--161
[]\TU/PalatinoLinotype(0)/m/n/11 3* SWIR bands are used as important indicators
 in forest regeneration studies
 []


Underfull \hbox (badness 3713) in paragraph at lines 160--161
\TU/PalatinoLinotype(0)/m/n/11 ([]). Important for vegetation mapping as a stan
dalone
 []


LaTeX Warning: Citation 'ji_analysis_2009' on page 8 undefined on input line 16
2.

[8]

LaTeX Warning: Citation 'pandit_estimating_2018' on page 9 undefined on input l
ine 169.


LaTeX Warning: Citation 'breiman_random_2001' on page 9 undefined on input line
 169.


LaTeX Warning: Reference `tab:vegindices' on page 9 undefined on input line 169
.


LaTeX Warning: Citation 'pandit_estimating_2018' on page 9 undefined on input l
ine 169.


Underfull \hbox (badness 2005) in paragraph at lines 169--170
[]\TU/PalatinoLinotype(0)/m/n/11 Estimating AGB in sub-tropical Nepal using Sen
tinel 2 ([]).
 []


Underfull \hbox (badness 2689) in paragraph at lines 169--170
\TU/PalatinoLinotype(0)/m/n/11 Field-based AGB as a dependent variable, as well
 as spectral band values and
 []


LaTeX Warning: Citation 'ghosh_aboveground_2018' on page 9 undefined on input l
ine 171.


LaTeX Warning: Citation 'ghosh_aboveground_2018' on page 9 undefined on input l
ine 171.

[9]

LaTeX Warning: Citation 'shimizu_using_2016' on page 10 undefined on input line
 178.


LaTeX Warning: Citation 'roteta_development_2019' on page 10 undefined on input
 line 185.


Underfull \hbox (badness 1442) in paragraph at lines 185--186
[]\TU/PalatinoLinotype(0)/m/n/11 For any burn related damage/regeneration calcu
lations we can verify fire activity
 []


Underfull \hbox (badness 1552) in paragraph at lines 185--186
\TU/PalatinoLinotype(0)/m/n/11 MCD14ML fire product produced at the MODIS Fire 
Science Computing Facility
 []


LaTeX Warning: Citation 'roteta_development_2019' on page 10 undefined on input
 line 194.


Underfull \hbox (badness 1132) in paragraph at lines 194--195
[]\TU/PalatinoLinotype(0)/m/n/11 Sentinel 2 data to create fire database in sub
-Saharan Africa (Roteta et al., 2019).
 []


LaTeX Warning: Citation 'navarro_evaluation_2017' on page 10 undefined on input
 line 196.


Underfull \hbox (badness 2253) in paragraph at lines 196--197
\TU/PalatinoLinotype(0)/m/n/11 resolution) for pre- and post-fire image assessm
ents (sometimes just two). The
 []


LaTeX Warning: Citation 'fernandez-manso_sentinel-2a_2016' on page 10 undefined
 on input line 198.


Overfull \hbox (76.05234pt too wide) in paragraph at lines 198--199
[]\TU/PalatinoLinotype(0)/m/n/11 Classification of burn severity for wildfire i
n Spain using Sentinel-2 ([])
 []

[10]

LaTeX Warning: Citation 'chen_exploring_2019' on page 11 undefined on input lin
e 205.


Underfull \hbox (badness 1389) in paragraph at lines 209--210
\TU/PalatinoLinotype(0)/m/n/11 correction. The Sen2Cor processor was developed 
for formatting and generating
 []


LaTeX Warning: Citation 'castillo_estimation_2017' on page 11 undefined on inpu
t line 213.


Underfull \hbox (badness 1859) in paragraph at lines 213--214
\TU/PalatinoLinotype(0)/m/n/11 prediction models through the conventional linea
r regression and novel Machine
 []


LaTeX Warning: Citation 'castillo_estimation_2017' on page 11 undefined on inpu
t line 215.


LaTeX Warning: Citation 'hall_weka_2009' on page 11 undefined on input line 215
.


LaTeX Warning: Citation 'castillo_estimation_2017' on page 11 undefined on inpu
t line 215.


Underfull \hbox (badness 10000) in paragraph at lines 215--216
[]\TU/PalatinoLinotype(0)/m/n/11 Estimation of aboveground biomass for mangrove
 forests in the Philippines
 []

[11]

LaTeX Warning: Citation 'zald_influence_2014' on page 12 undefined on input lin
e 220.


LaTeX Warning: Citation 'hudak_carbon_2020' on page 12 undefined on input line 
224.


LaTeX Warning: Citation 'hyde_mapping_2006' on page 12 undefined on input line 
228.


LaTeX Warning: Citation 'clark_estimation_2011' on page 12 undefined on input l
ine 230.


LaTeX Warning: Citation 'kaasalainen_combining_2015' on page 12 undefined on in
put line 232.


LaTeX Warning: Citation 'matasci_large-area_2018' on page 12 undefined on input
 line 244.


LaTeX Warning: Citation 'wang_estimating_2020' on page 12 undefined on input li
ne 258.

[12]

LaTeX Warning: Citation 'zhao_improved_2016' on page 13 undefined on input line
 260.


LaTeX Warning: Citation 'zhao_improved_2016' on page 13 undefined on input line
 260.


Underfull \hbox (badness 1590) in paragraph at lines 260--261
\TU/PalatinoLinotype(0)/m/n/11 algorithms ([][]Figure 4[][][]). The strength of
 537 the IPTD lies in its ability to retain
 []


Underfull \hbox (badness 1314) in paragraph at lines 270--271
\TU/PalatinoLinotype(0)/m/n/11 Filtering, classification and creation of terrai
n models can be implemented into a
 []


LaTeX Warning: Citation 'coomes_area-based_2017' on page 13 undefined on input 
line 274.


LaTeX Warning: Citation 'walter_estimating_2019' on page 13 undefined on input 
line 278.


LaTeX Warning: Citation 'walter_estimating_2019' on page 13 undefined on input 
line 278.


Underfull \hbox (badness 1748) in paragraph at lines 278--279
\TU/PalatinoLinotype(0)/m/n/11 height was extracted through percentile algorith
m in R. Two step approach: (1)
 []


LaTeX Warning: Citation 'chan_estimating_2021' on page 13 undefined on input li
ne 280.


Underfull \hbox (badness 1248) in paragraph at lines 280--281
[]\TU/PalatinoLinotype(0)/m/n/11 B) Honkong forest with thousands of individual
 tree measurements (dbh, height;
 []

[13]

LaTeX Warning: Citation 'chan_estimating_2021' on page 14 undefined on input li
ne 282.


LaTeX Warning: Citation 'kohl_sampling_2006' on page 14 undefined on input line
 286.


LaTeX Warning: Citation 'chan_estimating_2021' on page 14 undefined on input li
ne 288.

[14]

LaTeX Warning: Reference `fig:lidarmetrics' on page 15 undefined on input line 
294.


LaTeX Warning: Citation 'shi_important_2018' on page 15 undefined on input line
 294.


LaTeX Warning: Citation 'dong_selection_2017' on page 15 undefined on input lin
e 294.


Underfull \hbox (badness 1975) in paragraph at lines 294--295
[]\TU/PalatinoLinotype(0)/m/n/11 There is a wealth of LiDAR plot metrics derive
d from the point clouds [] and
 []


LaTeX Warning: Citation 'lim_estimation_2004' on page 15 undefined on input lin
e 297.


LaTeX Warning: Citation 'patenaude_quantifying_2004' on page 15 undefined on in
put line 297.


LaTeX Warning: Citation 'wang_estimating_2020' on page 15 undefined on input li
ne 322.


LaTeX Warning: Citation 'gregorutti_correlation_2017' on page 15 undefined on i
nput line 322.


LaTeX Warning: Citation 'pham_monitoring_2017' on page 15 undefined on input li
ne 322.


Underfull \hbox (badness 2229) in paragraph at lines 322--323
[]\TU/PalatinoLinotype(0)/m/n/11 LiDAR upscaling by integrating field plots (po
int), UAV-LiDAR strip (line) data
 []


LaTeX Warning: Citation 'matasci_large-area_2018' on page 15 undefined on input
 line 326.


LaTeX Warning: Citation 'pham_monitoring_2017' on page 15 undefined on input li
ne 326.


LaTeX Warning: Citation 'huang_integration_2019' on page 15 undefined on input 
line 326.


LaTeX Warning: Citation 'ghosh_aboveground_2018' on page 15 undefined on input 
line 326.


LaTeX Warning: Citation 'wangda_species_2019' on page 15 undefined on input lin
e 330.


Underfull \hbox (badness 1314) in paragraph at lines 330--331
\TU/PalatinoLinotype(0)/m/n/11 used to establish a relationship with field meas
ured carbon and total tree height
 []

[15]

LaTeX Warning: Citation 'coomes_area-based_2017' on page 16 undefined on input 
line 332.


LaTeX Warning: Citation 'latifi_stratified_2015' on page 16 undefined on input 
line 332.

[16]

LaTeX Warning: Citation 'hudak_carbon_2020' on page 17 undefined on input line 
340.


LaTeX Warning: Citation 'tinkham_applications_2018' on page 17 undefined on inp
ut line 340.


LaTeX Warning: Citation 'tinkham_applications_2018' on page 17 undefined on inp
ut line 352.


Underfull \hbox (badness 1077) in paragraph at lines 352--353
[]\TU/PalatinoLinotype(0)/m/n/11 Forest plots are triangle with 4 circular subp
lots ([][]Figure 5[][][]), just assume they are
 []


LaTeX Warning: Citation 'hudak_carbon_2020' on page 17 undefined on input line 
354.


LaTeX Warning: Citation 'lu_survey_2016' on page 17 undefined on input line 374
.


LaTeX Warning: Citation 'clark_tropical_2012' on page 17 undefined on input lin
e 374.


LaTeX Warning: Citation 'brown_biomass_1989' on page 17 undefined on input line
 378.


LaTeX Warning: Citation 'lehtonen_biomass_2004' on page 17 undefined on input l
ine 378.


LaTeX Warning: Citation 'wang_uncertainties_2011' on page 17 undefined on input
 line 378.

[17]

LaTeX Warning: Citation 'hudak_carbon_2020' on page 18 undefined on input line 
385.


LaTeX Warning: Citation 'lu_survey_2016' on page 18 undefined on input line 389
.


LaTeX Warning: Citation 'zald_influence_2014' on page 18 undefined on input lin
e 403.

[18]
Overfull \hbox (8.57736pt too wide) in paragraph at lines 412--412
[][][]\TU/PalatinoLinotype(0)/m/n/9 NLCDB legend: [][]$[][][][][] [] [] [] [][]
[] [] [][][][] [] [][][] [] [][][][] [] [][][][][][][] [] [][][][][][][][][][][
][][][][][][][][][][][][][][][][][][][][][][][][][][][][][][][][][][][][][][][]
[][][][][]$[][]| 
 []


Underfull \hbox (badness 10000) in paragraph at lines 416--416
[][][]\TU/PalatinoLinotype(0)/m/n/9 CALVEG documentation: [][]$[][][][][] [] []
 [] [][][] [] [][] [] [][][] [] [][] [] [][][] [] [][][] [] [][][][][][][][][] 
[] [][][][][][][][][] [] [][][][][][][][][][][][][][] []
 []


LaTeX Warning: Reference `fig>calveg' on page 19 undefined on input line 416.

[19]

LaTeX Warning: Citation 'white_pixel-based_2014' on page 20 undefined on input 
line 437.


LaTeX Warning: Citation 'hermosilla_integrated_2015' on page 20 undefined on in
put line 437.


LaTeX Warning: Citation 'key_landscape_2005' on page 20 undefined on input line
 437.


LaTeX Warning: Citation 'kennedy_detecting_2010' on page 20 undefined on input 
line 437.


LaTeX Warning: Citation 'white_nationwide_2017' on page 20 undefined on input l
ine 437.


LaTeX Warning: Citation 'white_pixel-based_2014' on page 20 undefined on input 
line 453.


LaTeX Warning: Citation 'koltunov_edart_2020' on page 20 undefined on input lin
e 455.


LaTeX Warning: Citation 'key_landscape_2005' on page 20 undefined on input line
 482.


Overfull \hbox (40.66129pt too wide) in paragraph at lines 482--483
[]\TU/PalatinoLinotype(0)/m/n/11 NBR recommended spectral indices to perform la
nd cover change analysis ([]).
 []

[20]

LaTeX Warning: Citation 'white_pixel-based_2014' on page 21 undefined on input 
line 504.

[21]

LaTeX Warning: Citation 'hermosilla_integrated_2015' on page 22 undefined on in
put line 508.


Overfull \hbox (44.99782pt too wide) in paragraph at lines 508--509
[]\TU/PalatinoLinotype(0)/m/n/11 B) Filling gaps in BAP with breakpoint analysi
s (Composite2Change; [])
 []


Underfull \hbox (badness 10000) in paragraph at lines 508--509

 []


LaTeX Warning: Citation 'key_landscape_2005' on page 22 undefined on input line
 510.


LaTeX Warning: Citation 'kennedy_detecting_2010' on page 22 undefined on input 
line 510.


LaTeX Warning: Citation 'hermosilla_integrated_2015' on page 22 undefined on in
put line 510.


Underfull \hbox (badness 2088) in paragraph at lines 510--511
[]\TU/PalatinoLinotype(0)/m/n/11 Characterisation of trends in pixel series. A 
breakpoint represents a change in
 []


Underfull \hbox (badness 1642) in paragraph at lines 510--511
\TU/PalatinoLinotype(0)/m/n/11 of breakpoints enablesthe assignment offinal pro
xy values to pixels with missing
 []


Underfull \hbox (badness 1383) in paragraph at lines 510--511
\TU/PalatinoLinotype(0)/m/n/11 observations, as well as enabling change events,
 and the year in which theevent
 []


LaTeX Warning: Citation 'hermosilla_regional_2015' on page 22 undefined on inpu
t line 512.


LaTeX Warning: Citation 'hermosilla_mass_2016' on page 22 undefined on input li
ne 516.


LaTeX Warning: Citation 'white_nationwide_2017' on page 22 undefined on input l
ine 520.


Overfull \hbox (48.43715pt too wide) in paragraph at lines 520--521
[]\TU/PalatinoLinotype(0)/m/n/11 Nationwide forest regeneration study after log
ging and wildfire (Canada; [])
 []


Underfull \hbox (badness 10000) in paragraph at lines 520--521

 []


LaTeX Warning: Citation 'bolton_optimizing_2020' on page 22 undefined on input 
line 534.


Underfull \hbox (badness 1377) in paragraph at lines 533--535
\TU/PalatinoLinotype(0)/m/n/11 atmospheric con-tamination, as well as acquisiti
on sensor. Spectral indices (bold
 []

[22]

LaTeX Warning: Citation 'wulder_satellite-based_2020' on page 23 undefined on i
nput line 536.


Underfull \hbox (badness 1859) in paragraph at lines 536--537
[]\TU/PalatinoLinotype(0)/m/n/11 Annual time series of gap-free, surface reflec
tance composites and the detection,
 []


LaTeX Warning: Citation 'kolden_mapped_2012' on page 23 undefined on input line
 538.


LaTeX Warning: Citation 'foody_predictive_2003' on page 23 undefined on input l
ine 540.


LaTeX Warning: Citation 'lu_aboveground_2005' on page 23 undefined on input lin
e 540.


Underfull \hbox (badness 1769) in paragraph at lines 540--541
\TU/PalatinoLinotype(0)/m/n/11 transferred to different study areas for biomass
 mapping ([],
 []


LaTeX Warning: Citation 'avitabile_capabilities_2012' on page 23 undefined on i
nput line 542.


Overfull \hbox (40.53418pt too wide) in paragraph at lines 542--543
[]\TU/PalatinoLinotype(0)/m/n/11 Combination of Landsat and land cover to estim
ate AGB in Uganda ([]).
 []

[23]

LaTeX Warning: Citation 'lu_aboveground_2012' on page 24 undefined on input lin
e 551.


LaTeX Warning: Citation 'lu_survey_2016' on page 24 undefined on input line 551
.


LaTeX Warning: Citation 'chen_improved_2021' on page 24 undefined on input line
 555.


LaTeX Warning: Citation 'duncanson_biomass_2020' on page 24 undefined on input 
line 559.


LaTeX Warning: Citation 'duncanson_biomass_2020' on page 24 undefined on input 
line 563.


LaTeX Warning: Citation 'duncanson_biomass_2020' on page 24 undefined on input 
line 565.


LaTeX Warning: Citation 'wangda_species_2019' on page 24 undefined on input lin
e 569.

[24]

LaTeX Warning: Citation 'wangda_species_2019' on page 25 undefined on input lin
e 571.


LaTeX Warning: Citation 'wangda_species_2019' on page 25 undefined on input lin
e 573.


LaTeX Warning: Citation 'feng_examining_2017' on page 25 undefined on input lin
e 578.


LaTeX Warning: Citation 'narine_synergy_2019' on page 25 undefined on input lin
e 586.


LaTeX Warning: Citation 'narine_synergy_2019' on page 25 undefined on input lin
e 586.

[25]

LaTeX Warning: Citation 'narine_using_2020' on page 26 undefined on input line 
588.


LaTeX Warning: Citation 'narine_using_2020' on page 26 undefined on input line 
588.


Underfull \hbox (badness 1194) in paragraph at lines 600--601
[]\TU/PalatinoLinotype(0)/m/n/11 Satellites provide multispectral images at 24 
m (LISS-3) and 56 m (AWiFs) meter
 []


LaTeX Warning: Citation 'mesinger_north_2006' on page 26 undefined on input lin
e 625.


LaTeX Warning: Citation 'hurtt_beyond_2019' on page 26 undefined on input line 
625.


Underfull \hbox (badness 2856) in paragraph at lines 625--626
\TU/PalatinoLinotype(0)/m/n/11 ([]), the National Center for Environmental Pred
ictions high-
 []


LaTeX Warning: Citation 'chan_estimating_2021' on page 26 undefined on input li
ne 627.

) (./build/methods.tex [26] [27]
Underfull \hbox (badness 3364) in paragraph at lines 5--6
[]\TU/PalatinoLinotype(0)/m/n/11 The method section describes the selected Geos
patial Tools and documents the
 []


Underfull \hbox (badness 1033) in paragraph at lines 11--12
\TU/PalatinoLinotype(0)/m/n/11 GDAL libraries are implemented in the backend ac
ross the majority of geospatial
 []

[28]
Underfull \hbox (badness 2229) in paragraph at lines 36--37
[]\TU/PalatinoLinotype(0)/m/n/11 Both the Calveg and FRID (vegetation classific
ation layers) require cleaning and
 []

[29] [30]
Underfull \hbox (badness 1122) in paragraph at lines 81--82
[]\TU/PalatinoLinotype(0)/m/n/11 To demonstrate our confidence in our CHM model
 the prototype development is
 []


Underfull \hbox (badness 1122) in paragraph at lines 83--84
[]\TU/PalatinoLinotype(0)/m/n/11 To demonstrate our confidence in our CHM model
 the prototype development is
 []


Overfull \hbox (33.97948pt too wide) in paragraph at lines 85--85
[][][]\TU/PalatinoLinotype(0)/m/n/9 Opentopography CHM: [][]$[][][][][] [] [] [
] [][][][][][][][][][][][][][] [] [][][] [] [][][][] [] [][][][][][][][][][][][
][][][][][][][][][][][][][][][][][][][][][][][][][][][][][][][][][][][][][][][]
[][]$[][]| 
 []


Underfull \hbox (badness 1107) in paragraph at lines 85--86
[]\TU/PalatinoLinotype(0)/m/n/11 In the accuracy assessment we will use the Ope
nTopography provided model (1)
 []

[31]
Underfull \hbox (badness 1152) in paragraph at lines 111--112
\TU/PalatinoLinotype(0)/m/n/11 Particularly the production of a gap-free DTM is
 a crucial process where a prior
 []

[32]) (./build/results.tex [33]

LaTeX Warning: Reference `fig:lemonCanyon-blend' on page 34 undefined on input 
line 4.


LaTeX Warning: File `s3/dataVis/images/lemonCanyon/sentinel_10m_DSMDragonfly_bl
end.jpeg' not found on input line 8.

! Unable to load picture or PDF file 's3/dataVis/images/lemonCanyon/sentinel_10
m_DSMDragonfly_blend.jpeg'.
<to be read again> 
                   }
l.8 ...anyon/sentinel_10m_DSMDragonfly_blend.jpeg}
                                                  
? ^^[
Type <return> to proceed, S to scroll future error messages,
R to run without stopping, Q to run quietly,
I to insert something, E to edit your file,
1 or ... or 9 to ignore the next 1 to 9 tokens of input,
H for help, X to quit.
? X
 
Here is how much of TeX's memory you used:
 30155 strings out of 493007
 564028 string characters out of 6136719
 1099155 words of memory out of 5000000
 33731 multiletter control sequences out of 15000+600000
 534627 words of font info for 78 fonts, out of 8000000 for 9000
 1348 hyphenation exceptions out of 8191
 67i,12n,96p,10437b,2764s stack positions out of 5000i,500n,10000p,200000b,80000s
Output written on report.pdf (33 pages).
